[ 2017-11-02T22:29:45+08:00 ] 127.0.0.1 /api.php
INFO: [ app_begin ] --START--
INFO: Run Behavior\ReadHtmlCacheBehavior [ RunTime:0.000828s ]
INFO: Run Behavior\CheckLangBehavior [ RunTime:0.004634s ]
INFO: Run Common\Behavior\UrldecodeGetBehavior [ RunTime:0.000502s ]
INFO: [ app_begin ] --END-- [ RunTime:0.007344s ]
NOTIC: [8] Undefined index: HTTP_RAW_POST_DATA E:\xampp\htdocs\xinxigongcheng\trunk\application\Api\Controller\IndexController.class.php 第 112 行.
SQL: SHOW COLUMNS FROM `xxgc_task` [ RunTime:0.0407s ]
SQL: SHOW COLUMNS FROM `xxgc_account` [ RunTime:0.0186s ]
SQL: SHOW COLUMNS FROM `xxgc_process` [ RunTime:0.0301s ]

[ 2017-11-02T22:29:46+08:00 ] 127.0.0.1 /api.php
INFO: [ app_begin ] --START--
INFO: Run Behavior\ReadHtmlCacheBehavior [ RunTime:0.000794s ]
INFO: Run Behavior\CheckLangBehavior [ RunTime:0.001201s ]
INFO: Run Common\Behavior\UrldecodeGetBehavior [ RunTime:0.000501s ]
INFO: [ app_begin ] --END-- [ RunTime:0.003382s ]
NOTIC: [8] Undefined index: HTTP_RAW_POST_DATA E:\xampp\htdocs\xinxigongcheng\trunk\application\Api\Controller\IndexController.class.php 第 112 行.
SQL: SHOW COLUMNS FROM `xxgc_task` [ RunTime:0.0171s ]
SQL: SHOW COLUMNS FROM `xxgc_account` [ RunTime:0.0149s ]
SQL: SHOW COLUMNS FROM `xxgc_process` [ RunTime:0.0165s ]
NOTIC: [8] Undefined index: time_area E:\xampp\htdocs\xinxigongcheng\trunk\application\Api\Event\TaskEvent.class.php 第 100 行.
NOTIC: [8] Undefined index: time_area E:\xampp\htdocs\xinxigongcheng\trunk\application\Api\Event\TaskEvent.class.php 第 101 行.
SQL: SELECT COUNT(*) AS tp_count FROM `xxgc_task` WHERE `t_status` = 1 LIMIT 1   [ RunTime:0.0010s ]
SQL: SELECT `t_id`,`t_title`,from_unixtime(t_create_time,"%Y-%m-%d") as create_time,`t_stage_id` FROM `xxgc_task` WHERE `t_status` = 1 ORDER BY t_create_time desc LIMIT 0,10   [ RunTime:0.0006s ]

[ 2017-11-02T22:30:11+08:00 ] 127.0.0.1 /api.php
INFO: [ app_begin ] --START--
INFO: Run Behavior\ReadHtmlCacheBehavior [ RunTime:0.000727s ]
INFO: Run Behavior\CheckLangBehavior [ RunTime:0.001217s ]
INFO: Run Common\Behavior\UrldecodeGetBehavior [ RunTime:0.000436s ]
INFO: [ app_begin ] --END-- [ RunTime:0.003181s ]
NOTIC: [8] Undefined index: HTTP_RAW_POST_DATA E:\xampp\htdocs\xinxigongcheng\trunk\application\Api\Controller\IndexController.class.php 第 112 行.
SQL: SHOW COLUMNS FROM `xxgc_task` [ RunTime:0.0320s ]
SQL: SHOW COLUMNS FROM `xxgc_account` [ RunTime:0.0286s ]
SQL: SHOW COLUMNS FROM `xxgc_process` [ RunTime:0.0191s ]

[ 2017-11-02T22:30:13+08:00 ] 127.0.0.1 /api.php
INFO: [ app_begin ] --START--
INFO: Run Behavior\ReadHtmlCacheBehavior [ RunTime:0.000741s ]
INFO: Run Behavior\CheckLangBehavior [ RunTime:0.001489s ]
INFO: Run Common\Behavior\UrldecodeGetBehavior [ RunTime:0.000530s ]
INFO: [ app_begin ] --END-- [ RunTime:0.003623s ]
NOTIC: [8] Undefined index: HTTP_RAW_POST_DATA E:\xampp\htdocs\xinxigongcheng\trunk\application\Api\Controller\IndexController.class.php 第 112 行.

[ 2017-11-02T22:30:13+08:00 ] 127.0.0.1 /api.php
INFO: [ app_begin ] --START--
INFO: Run Behavior\ReadHtmlCacheBehavior [ RunTime:0.001234s ]
INFO: Run Behavior\CheckLangBehavior [ RunTime:0.001182s ]
INFO: Run Common\Behavior\UrldecodeGetBehavior [ RunTime:0.000451s ]
INFO: [ app_begin ] --END-- [ RunTime:0.003813s ]
NOTIC: [8] Undefined index: HTTP_RAW_POST_DATA E:\xampp\htdocs\xinxigongcheng\trunk\application\Api\Controller\IndexController.class.php 第 112 行.
SQL: SHOW COLUMNS FROM `xxgc_account` [ RunTime:0.0149s ]
SQL: SELECT `a_id`,`a_name` FROM `xxgc_account` WHERE `a_type` = 1 AND `status` = 1  [ RunTime:0.0009s ]

[ 2017-11-02T22:30:13+08:00 ] 127.0.0.1 /api.php
INFO: [ app_begin ] --START--
INFO: Run Behavior\ReadHtmlCacheBehavior [ RunTime:0.000677s ]
INFO: Run Behavior\CheckLangBehavior [ RunTime:0.001462s ]
INFO: Run Common\Behavior\UrldecodeGetBehavior [ RunTime:0.001196s ]
INFO: [ app_begin ] --END-- [ RunTime:0.004180s ]
NOTIC: [8] Undefined index: HTTP_RAW_POST_DATA E:\xampp\htdocs\xinxigongcheng\trunk\application\Api\Controller\IndexController.class.php 第 112 行.
SQL: SHOW COLUMNS FROM `xxgc_task` [ RunTime:0.0188s ]
SQL: SHOW COLUMNS FROM `xxgc_account` [ RunTime:0.0165s ]
SQL: SHOW COLUMNS FROM `xxgc_process` [ RunTime:0.0172s ]

[ 2017-11-02T22:30:13+08:00 ] 127.0.0.1 /api.php
INFO: [ app_begin ] --START--
INFO: Run Behavior\ReadHtmlCacheBehavior [ RunTime:0.000809s ]
INFO: Run Behavior\CheckLangBehavior [ RunTime:0.001270s ]
INFO: Run Common\Behavior\UrldecodeGetBehavior [ RunTime:0.000674s ]
INFO: [ app_begin ] --END-- [ RunTime:0.003625s ]
NOTIC: [8] Undefined index: HTTP_RAW_POST_DATA E:\xampp\htdocs\xinxigongcheng\trunk\application\Api\Controller\IndexController.class.php 第 112 行.
SQL: SHOW COLUMNS FROM `xxgc_task` [ RunTime:0.0168s ]
SQL: SHOW COLUMNS FROM `xxgc_account` [ RunTime:0.0195s ]
SQL: SHOW COLUMNS FROM `xxgc_process` [ RunTime:0.0190s ]
NOTIC: [8] Undefined index: time_area E:\xampp\htdocs\xinxigongcheng\trunk\application\Api\Event\TaskEvent.class.php 第 100 行.
NOTIC: [8] Undefined index: time_area E:\xampp\htdocs\xinxigongcheng\trunk\application\Api\Event\TaskEvent.class.php 第 101 行.
SQL: SELECT COUNT(*) AS tp_count FROM `xxgc_task` WHERE `t_status` = 1 LIMIT 1   [ RunTime:0.0005s ]
SQL: SELECT `t_id`,`t_title`,from_unixtime(t_create_time,"%Y-%m-%d") as create_time,`t_stage_id` FROM `xxgc_task` WHERE `t_status` = 1 ORDER BY t_create_time desc LIMIT 0,10   [ RunTime:0.0005s ]

[ 2017-11-02T22:30:24+08:00 ] 127.0.0.1 /api.php
INFO: [ app_begin ] --START--
INFO: Run Behavior\ReadHtmlCacheBehavior [ RunTime:0.000965s ]
INFO: Run Behavior\CheckLangBehavior [ RunTime:0.001454s ]
INFO: Run Common\Behavior\UrldecodeGetBehavior [ RunTime:0.000684s ]
INFO: [ app_begin ] --END-- [ RunTime:0.004023s ]
NOTIC: [8] Undefined index: HTTP_RAW_POST_DATA E:\xampp\htdocs\xinxigongcheng\trunk\application\Api\Controller\IndexController.class.php 第 112 行.
SQL: SHOW COLUMNS FROM `xxgc_task` [ RunTime:0.0525s ]
SQL: SHOW COLUMNS FROM `xxgc_account` [ RunTime:0.0265s ]
SQL: SHOW COLUMNS FROM `xxgc_process` [ RunTime:0.0186s ]
SQL: SELECT * FROM `xxgc_task` WHERE `t_id` = 97 LIMIT 1   [ RunTime:0.0006s ]
SQL: SELECT * FROM `xxgc_process` WHERE `t_id` = 97  [ RunTime:0.0011s ]
SQL: SELECT * FROM `xxgc_account` WHERE `a_id` = 15 LIMIT 1   [ RunTime:0.0005s ]
SQL: SELECT * FROM `xxgc_account` WHERE `a_id` = 17 LIMIT 1   [ RunTime:0.0005s ]
SQL: SELECT * FROM `xxgc_account` WHERE `a_id` = 18 LIMIT 1   [ RunTime:0.0006s ]

[ 2017-11-02T22:31:42+08:00 ] 127.0.0.1 /api.php
INFO: [ app_begin ] --START--
INFO: Run Behavior\ReadHtmlCacheBehavior [ RunTime:0.000626s ]
INFO: Run Behavior\CheckLangBehavior [ RunTime:0.001355s ]
INFO: Run Common\Behavior\UrldecodeGetBehavior [ RunTime:0.000471s ]
INFO: [ app_begin ] --END-- [ RunTime:0.003124s ]
NOTIC: [8] Undefined index: HTTP_RAW_POST_DATA E:\xampp\htdocs\xinxigongcheng\trunk\application\Api\Controller\IndexController.class.php 第 112 行.
SQL: SHOW COLUMNS FROM `xxgc_task` [ RunTime:0.0192s ]
SQL: SHOW COLUMNS FROM `xxgc_account` [ RunTime:0.0165s ]
SQL: SHOW COLUMNS FROM `xxgc_process` [ RunTime:0.0161s ]
NOTIC: [8] Undefined index: time_area E:\xampp\htdocs\xinxigongcheng\trunk\application\Api\Event\TaskEvent.class.php 第 100 行.
NOTIC: [8] Undefined index: time_area E:\xampp\htdocs\xinxigongcheng\trunk\application\Api\Event\TaskEvent.class.php 第 101 行.
SQL: SELECT COUNT(*) AS tp_count FROM `xxgc_task` WHERE `t_status` = 1 LIMIT 1   [ RunTime:0.0004s ]
SQL: SELECT `t_id`,`t_title`,from_unixtime(t_create_time,"%Y-%m-%d") as create_time,`t_stage_id` FROM `xxgc_task` WHERE `t_status` = 1 ORDER BY t_create_time desc LIMIT 0,10   [ RunTime:0.0005s ]

[ 2017-11-02T22:33:00+08:00 ] 127.0.0.1 /api.php
INFO: [ app_begin ] --START--
INFO: Run Behavior\ReadHtmlCacheBehavior [ RunTime:0.001378s ]
INFO: Run Behavior\CheckLangBehavior [ RunTime:0.001504s ]
INFO: Run Common\Behavior\UrldecodeGetBehavior [ RunTime:0.000579s ]
INFO: [ app_begin ] --END-- [ RunTime:0.005156s ]
NOTIC: [8] Undefined index: HTTP_RAW_POST_DATA E:\xampp\htdocs\xinxigongcheng\trunk\application\Api\Controller\IndexController.class.php 第 112 行.
SQL: SHOW COLUMNS FROM `xxgc_task` [ RunTime:0.0168s ]
SQL: SHOW COLUMNS FROM `xxgc_account` [ RunTime:0.0161s ]
SQL: SHOW COLUMNS FROM `xxgc_process` [ RunTime:0.0161s ]

[ 2017-11-02T22:33:00+08:00 ] 127.0.0.1 /api.php
INFO: [ app_begin ] --START--
INFO: Run Behavior\ReadHtmlCacheBehavior [ RunTime:0.000897s ]
INFO: Run Behavior\CheckLangBehavior [ RunTime:0.002131s ]
INFO: Run Common\Behavior\UrldecodeGetBehavior [ RunTime:0.001194s ]
INFO: [ app_begin ] --END-- [ RunTime:0.005075s ]
NOTIC: [8] Undefined index: HTTP_RAW_POST_DATA E:\xampp\htdocs\xinxigongcheng\trunk\application\Api\Controller\IndexController.class.php 第 112 行.
SQL: SHOW COLUMNS FROM `xxgc_task` [ RunTime:0.0255s ]
SQL: SHOW COLUMNS FROM `xxgc_account` [ RunTime:0.0212s ]
SQL: SHOW COLUMNS FROM `xxgc_process` [ RunTime:0.0397s ]
NOTIC: [8] Undefined index: time_area E:\xampp\htdocs\xinxigongcheng\trunk\application\Api\Event\TaskEvent.class.php 第 100 行.
NOTIC: [8] Undefined index: time_area E:\xampp\htdocs\xinxigongcheng\trunk\application\Api\Event\TaskEvent.class.php 第 101 行.
SQL: SELECT COUNT(*) AS tp_count FROM `xxgc_task` WHERE `t_status` = 1 LIMIT 1   [ RunTime:0.0005s ]
SQL: SELECT `t_id`,`t_title`,from_unixtime(t_create_time,"%Y-%m-%d") as create_time,`t_stage_id` FROM `xxgc_task` WHERE `t_status` = 1 ORDER BY t_create_time desc LIMIT 0,10   [ RunTime:0.0005s ]

[ 2017-11-02T22:33:03+08:00 ] 127.0.0.1 /api.php
INFO: [ app_begin ] --START--
INFO: Run Behavior\ReadHtmlCacheBehavior [ RunTime:0.000728s ]
INFO: Run Behavior\CheckLangBehavior [ RunTime:0.001128s ]
INFO: Run Common\Behavior\UrldecodeGetBehavior [ RunTime:0.000424s ]
INFO: [ app_begin ] --END-- [ RunTime:0.003040s ]
NOTIC: [8] Undefined index: HTTP_RAW_POST_DATA E:\xampp\htdocs\xinxigongcheng\trunk\application\Api\Controller\IndexController.class.php 第 112 行.
SQL: SHOW COLUMNS FROM `xxgc_task` [ RunTime:0.0282s ]
SQL: SHOW COLUMNS FROM `xxgc_account` [ RunTime:0.0166s ]
SQL: SHOW COLUMNS FROM `xxgc_process` [ RunTime:0.0172s ]
SQL: SELECT * FROM `xxgc_task` WHERE `t_id` = 97 LIMIT 1   [ RunTime:0.0006s ]
SQL: SELECT * FROM `xxgc_process` WHERE `t_id` = 97  [ RunTime:0.0007s ]
SQL: SELECT * FROM `xxgc_account` WHERE `a_id` = 15 LIMIT 1   [ RunTime:0.0006s ]
SQL: SELECT * FROM `xxgc_account` WHERE `a_id` = 17 LIMIT 1   [ RunTime:0.0005s ]
SQL: SELECT * FROM `xxgc_account` WHERE `a_id` = 18 LIMIT 1   [ RunTime:0.0005s ]

[ 2017-11-02T22:39:24+08:00 ] 127.0.0.1 /api.php
INFO: [ app_begin ] --START--
INFO: Run Behavior\ReadHtmlCacheBehavior [ RunTime:0.001060s ]
INFO: Run Behavior\CheckLangBehavior [ RunTime:0.003303s ]
INFO: Run Common\Behavior\UrldecodeGetBehavior [ RunTime:0.000800s ]
INFO: [ app_begin ] --END-- [ RunTime:0.006019s ]
NOTIC: [8] Undefined index: HTTP_RAW_POST_DATA E:\xampp\htdocs\xinxigongcheng\trunk\application\Api\Controller\IndexController.class.php 第 112 行.
SQL: SHOW COLUMNS FROM `xxgc_task` [ RunTime:0.0244s ]
SQL: SHOW COLUMNS FROM `xxgc_account` [ RunTime:0.0337s ]
SQL: SHOW COLUMNS FROM `xxgc_process` [ RunTime:0.0191s ]

[ 2017-11-02T22:39:26+08:00 ] 127.0.0.1 /api.php
INFO: [ app_begin ] --START--
INFO: Run Behavior\ReadHtmlCacheBehavior [ RunTime:0.000847s ]
INFO: Run Behavior\CheckLangBehavior [ RunTime:0.001324s ]
INFO: Run Common\Behavior\UrldecodeGetBehavior [ RunTime:0.001255s ]
INFO: [ app_begin ] --END-- [ RunTime:0.004281s ]
NOTIC: [8] Undefined index: HTTP_RAW_POST_DATA E:\xampp\htdocs\xinxigongcheng\trunk\application\Api\Controller\IndexController.class.php 第 112 行.

[ 2017-11-02T22:39:26+08:00 ] 127.0.0.1 /api.php
INFO: [ app_begin ] --START--
INFO: Run Behavior\ReadHtmlCacheBehavior [ RunTime:0.001139s ]
INFO: Run Behavior\CheckLangBehavior [ RunTime:0.001301s ]
INFO: Run Common\Behavior\UrldecodeGetBehavior [ RunTime:0.000480s ]
INFO: [ app_begin ] --END-- [ RunTime:0.004652s ]
NOTIC: [8] Undefined index: HTTP_RAW_POST_DATA E:\xampp\htdocs\xinxigongcheng\trunk\application\Api\Controller\IndexController.class.php 第 112 行.
SQL: SHOW COLUMNS FROM `xxgc_account` [ RunTime:0.0389s ]
SQL: SELECT `a_id`,`a_name` FROM `xxgc_account` WHERE `a_type` = 1 AND `status` = 1  [ RunTime:0.0006s ]

[ 2017-11-02T22:39:39+08:00 ] 127.0.0.1 /api.php
INFO: [ app_begin ] --START--
INFO: Run Behavior\ReadHtmlCacheBehavior [ RunTime:0.001595s ]
INFO: Run Behavior\CheckLangBehavior [ RunTime:0.002188s ]
INFO: Run Common\Behavior\UrldecodeGetBehavior [ RunTime:0.000946s ]
INFO: [ app_begin ] --END-- [ RunTime:0.005937s ]
NOTIC: [8] Undefined index: HTTP_RAW_POST_DATA E:\xampp\htdocs\xinxigongcheng\trunk\application\Api\Controller\IndexController.class.php 第 112 行.
SQL: SHOW COLUMNS FROM `xxgc_task` [ RunTime:0.0187s ]
SQL: SHOW COLUMNS FROM `xxgc_account` [ RunTime:0.0154s ]
SQL: SHOW COLUMNS FROM `xxgc_process` [ RunTime:0.0171s ]
SQL: SELECT COUNT(*) AS tp_count FROM `xxgc_task` WHERE `t_status` IN ('2','3','4','5') LIMIT 1   [ RunTime:0.0008s ]
SQL: SELECT `t_id`,`t_title`,from_unixtime(t_create_time,"%Y-%m-%d") as create_time,`t_status` FROM `xxgc_task` WHERE `t_status` IN ('2','3','4','5') ORDER BY t_status asc,t_create_time desc LIMIT 0,10   [ RunTime:0.0008s ]

[ 2017-11-02T22:39:41+08:00 ] 127.0.0.1 /api.php
INFO: [ app_begin ] --START--
INFO: Run Behavior\ReadHtmlCacheBehavior [ RunTime:0.000747s ]
INFO: Run Behavior\CheckLangBehavior [ RunTime:0.001788s ]
INFO: Run Common\Behavior\UrldecodeGetBehavior [ RunTime:0.000440s ]
INFO: [ app_begin ] --END-- [ RunTime:0.003815s ]
NOTIC: [8] Undefined index: HTTP_RAW_POST_DATA E:\xampp\htdocs\xinxigongcheng\trunk\application\Api\Controller\IndexController.class.php 第 112 行.
SQL: SHOW COLUMNS FROM `xxgc_task` [ RunTime:0.0124s ]
SQL: SHOW COLUMNS FROM `xxgc_account` [ RunTime:0.0209s ]
SQL: SHOW COLUMNS FROM `xxgc_process` [ RunTime:0.0150s ]

[ 2017-11-02T22:39:41+08:00 ] 127.0.0.1 /api.php
INFO: [ app_begin ] --START--
INFO: Run Behavior\ReadHtmlCacheBehavior [ RunTime:0.001386s ]
INFO: Run Behavior\CheckLangBehavior [ RunTime:0.001673s ]
INFO: Run Common\Behavior\UrldecodeGetBehavior [ RunTime:0.000669s ]
INFO: [ app_begin ] --END-- [ RunTime:0.004826s ]
NOTIC: [8] Undefined index: HTTP_RAW_POST_DATA E:\xampp\htdocs\xinxigongcheng\trunk\application\Api\Controller\IndexController.class.php 第 112 行.
SQL: SHOW COLUMNS FROM `xxgc_task` [ RunTime:0.0161s ]
SQL: SHOW COLUMNS FROM `xxgc_account` [ RunTime:0.0130s ]
SQL: SHOW COLUMNS FROM `xxgc_process` [ RunTime:0.0145s ]
NOTIC: [8] Undefined index: time_area E:\xampp\htdocs\xinxigongcheng\trunk\application\Api\Event\TaskEvent.class.php 第 100 行.
NOTIC: [8] Undefined index: time_area E:\xampp\htdocs\xinxigongcheng\trunk\application\Api\Event\TaskEvent.class.php 第 101 行.
SQL: SELECT COUNT(*) AS tp_count FROM `xxgc_task` WHERE `t_status` = 1 LIMIT 1   [ RunTime:0.0004s ]
SQL: SELECT `t_id`,`t_title`,from_unixtime(t_create_time,"%Y-%m-%d") as create_time,`t_stage_id` FROM `xxgc_task` WHERE `t_status` = 1 ORDER BY t_create_time desc LIMIT 0,10   [ RunTime:0.0004s ]

[ 2017-11-02T22:39:42+08:00 ] 127.0.0.1 /api.php
INFO: [ app_begin ] --START--
INFO: Run Behavior\ReadHtmlCacheBehavior [ RunTime:0.001513s ]
INFO: Run Behavior\CheckLangBehavior [ RunTime:0.001401s ]
INFO: Run Common\Behavior\UrldecodeGetBehavior [ RunTime:0.000523s ]
INFO: [ app_begin ] --END-- [ RunTime:0.004917s ]
NOTIC: [8] Undefined index: HTTP_RAW_POST_DATA E:\xampp\htdocs\xinxigongcheng\trunk\application\Api\Controller\IndexController.class.php 第 112 行.
SQL: SHOW COLUMNS FROM `xxgc_task` [ RunTime:0.0192s ]
SQL: SHOW COLUMNS FROM `xxgc_account` [ RunTime:0.0177s ]
SQL: SHOW COLUMNS FROM `xxgc_process` [ RunTime:0.0149s ]

[ 2017-11-02T22:39:46+08:00 ] 127.0.0.1 /api.php
INFO: [ app_begin ] --START--
INFO: Run Behavior\ReadHtmlCacheBehavior [ RunTime:0.001312s ]
INFO: Run Behavior\CheckLangBehavior [ RunTime:0.004005s ]
INFO: Run Common\Behavior\UrldecodeGetBehavior [ RunTime:0.000499s ]
INFO: [ app_begin ] --END-- [ RunTime:0.006774s ]
NOTIC: [8] Undefined index: HTTP_RAW_POST_DATA E:\xampp\htdocs\xinxigongcheng\trunk\application\Api\Controller\IndexController.class.php 第 112 行.

[ 2017-11-02T22:39:46+08:00 ] 127.0.0.1 /api.php
INFO: [ app_begin ] --START--
INFO: Run Behavior\ReadHtmlCacheBehavior [ RunTime:0.000717s ]
INFO: Run Behavior\CheckLangBehavior [ RunTime:0.001147s ]
INFO: Run Common\Behavior\UrldecodeGetBehavior [ RunTime:0.000512s ]
INFO: [ app_begin ] --END-- [ RunTime:0.003034s ]
NOTIC: [8] Undefined index: HTTP_RAW_POST_DATA E:\xampp\htdocs\xinxigongcheng\trunk\application\Api\Controller\IndexController.class.php 第 112 行.
SQL: SHOW COLUMNS FROM `xxgc_account` [ RunTime:0.0136s ]
SQL: SELECT `a_id`,`a_name` FROM `xxgc_account` WHERE `a_type` = 1 AND `status` = 1  [ RunTime:0.0004s ]

[ 2017-11-02T22:39:47+08:00 ] 127.0.0.1 /api.php
INFO: [ app_begin ] --START--
INFO: Run Behavior\ReadHtmlCacheBehavior [ RunTime:0.000712s ]
INFO: Run Behavior\CheckLangBehavior [ RunTime:0.001450s ]
INFO: Run Common\Behavior\UrldecodeGetBehavior [ RunTime:0.000454s ]
INFO: [ app_begin ] --END-- [ RunTime:0.003392s ]
NOTIC: [8] Undefined index: HTTP_RAW_POST_DATA E:\xampp\htdocs\xinxigongcheng\trunk\application\Api\Controller\IndexController.class.php 第 112 行.
SQL: SHOW COLUMNS FROM `xxgc_task` [ RunTime:0.0169s ]
SQL: SHOW COLUMNS FROM `xxgc_account` [ RunTime:0.0155s ]
SQL: SHOW COLUMNS FROM `xxgc_process` [ RunTime:0.0153s ]

[ 2017-11-02T22:39:47+08:00 ] 127.0.0.1 /api.php
INFO: [ app_begin ] --START--
INFO: Run Behavior\ReadHtmlCacheBehavior [ RunTime:0.000878s ]
INFO: Run Behavior\CheckLangBehavior [ RunTime:0.001479s ]
INFO: Run Common\Behavior\UrldecodeGetBehavior [ RunTime:0.000589s ]
INFO: [ app_begin ] --END-- [ RunTime:0.004149s ]
NOTIC: [8] Undefined index: HTTP_RAW_POST_DATA E:\xampp\htdocs\xinxigongcheng\trunk\application\Api\Controller\IndexController.class.php 第 112 行.
SQL: SHOW COLUMNS FROM `xxgc_task` [ RunTime:0.0178s ]
SQL: SHOW COLUMNS FROM `xxgc_account` [ RunTime:0.0147s ]
SQL: SHOW COLUMNS FROM `xxgc_process` [ RunTime:0.0209s ]
NOTIC: [8] Undefined index: time_area E:\xampp\htdocs\xinxigongcheng\trunk\application\Api\Event\TaskEvent.class.php 第 100 行.
NOTIC: [8] Undefined index: time_area E:\xampp\htdocs\xinxigongcheng\trunk\application\Api\Event\TaskEvent.class.php 第 101 行.
SQL: SELECT COUNT(*) AS tp_count FROM `xxgc_task` WHERE `t_status` = 1 LIMIT 1   [ RunTime:0.0005s ]
SQL: SELECT `t_id`,`t_title`,from_unixtime(t_create_time,"%Y-%m-%d") as create_time,`t_stage_id` FROM `xxgc_task` WHERE `t_status` = 1 ORDER BY t_create_time desc LIMIT 0,10   [ RunTime:0.0008s ]

[ 2017-11-02T22:39:49+08:00 ] 127.0.0.1 /api.php
INFO: [ app_begin ] --START--
INFO: Run Behavior\ReadHtmlCacheBehavior [ RunTime:0.001531s ]
INFO: Run Behavior\CheckLangBehavior [ RunTime:0.001207s ]
INFO: Run Common\Behavior\UrldecodeGetBehavior [ RunTime:0.000878s ]
INFO: [ app_begin ] --END-- [ RunTime:0.004558s ]
NOTIC: [8] Undefined index: HTTP_RAW_POST_DATA E:\xampp\htdocs\xinxigongcheng\trunk\application\Api\Controller\IndexController.class.php 第 112 行.

[ 2017-11-02T22:39:49+08:00 ] 127.0.0.1 /api.php
INFO: [ app_begin ] --START--
INFO: Run Behavior\ReadHtmlCacheBehavior [ RunTime:0.000695s ]
INFO: Run Behavior\CheckLangBehavior [ RunTime:0.004148s ]
INFO: Run Common\Behavior\UrldecodeGetBehavior [ RunTime:0.001076s ]
INFO: [ app_begin ] --END-- [ RunTime:0.006832s ]
NOTIC: [8] Undefined index: HTTP_RAW_POST_DATA E:\xampp\htdocs\xinxigongcheng\trunk\application\Api\Controller\IndexController.class.php 第 112 行.
SQL: SHOW COLUMNS FROM `xxgc_task` [ RunTime:0.0151s ]
SQL: SHOW COLUMNS FROM `xxgc_account` [ RunTime:0.0128s ]
SQL: SHOW COLUMNS FROM `xxgc_process` [ RunTime:0.0136s ]

[ 2017-11-02T22:39:49+08:00 ] 127.0.0.1 /api.php
INFO: [ app_begin ] --START--
INFO: Run Behavior\ReadHtmlCacheBehavior [ RunTime:0.001446s ]
INFO: Run Behavior\CheckLangBehavior [ RunTime:0.001153s ]
INFO: Run Common\Behavior\UrldecodeGetBehavior [ RunTime:0.000473s ]
INFO: [ app_begin ] --END-- [ RunTime:0.003930s ]
NOTIC: [8] Undefined index: HTTP_RAW_POST_DATA E:\xampp\htdocs\xinxigongcheng\trunk\application\Api\Controller\IndexController.class.php 第 112 行.
SQL: SHOW COLUMNS FROM `xxgc_account` [ RunTime:0.0248s ]
SQL: SELECT `a_id`,`a_name` FROM `xxgc_account` WHERE `a_type` = 1 AND `status` = 1  [ RunTime:0.0007s ]

[ 2017-11-02T22:39:50+08:00 ] 127.0.0.1 /api.php
INFO: [ app_begin ] --START--
INFO: Run Behavior\ReadHtmlCacheBehavior [ RunTime:0.000617s ]
INFO: Run Behavior\CheckLangBehavior [ RunTime:0.001053s ]
INFO: Run Common\Behavior\UrldecodeGetBehavior [ RunTime:0.000617s ]
INFO: [ app_begin ] --END-- [ RunTime:0.003036s ]
NOTIC: [8] Undefined index: HTTP_RAW_POST_DATA E:\xampp\htdocs\xinxigongcheng\trunk\application\Api\Controller\IndexController.class.php 第 112 行.
SQL: SHOW COLUMNS FROM `xxgc_task` [ RunTime:0.0196s ]
SQL: SHOW COLUMNS FROM `xxgc_account` [ RunTime:0.0177s ]
SQL: SHOW COLUMNS FROM `xxgc_process` [ RunTime:0.0216s ]
SQL: SELECT COUNT(*) AS tp_count FROM `xxgc_task` WHERE `t_status` IN ('2','3','4','5') LIMIT 1   [ RunTime:0.0003s ]
SQL: SELECT `t_id`,`t_title`,from_unixtime(t_create_time,"%Y-%m-%d") as create_time,`t_status` FROM `xxgc_task` WHERE `t_status` IN ('2','3','4','5') ORDER BY t_status asc,t_create_time desc LIMIT 0,10   [ RunTime:0.0003s ]

[ 2017-11-02T22:45:21+08:00 ] 127.0.0.1 /api.php
INFO: [ app_begin ] --START--
INFO: Run Behavior\ReadHtmlCacheBehavior [ RunTime:0.000660s ]
INFO: Run Behavior\CheckLangBehavior [ RunTime:0.001070s ]
INFO: Run Common\Behavior\UrldecodeGetBehavior [ RunTime:0.000459s ]
INFO: [ app_begin ] --END-- [ RunTime:0.002963s ]
NOTIC: [8] Undefined index: HTTP_RAW_POST_DATA E:\xampp\htdocs\xinxigongcheng\trunk\application\Api\Controller\IndexController.class.php 第 112 行.
SQL: SHOW COLUMNS FROM `xxgc_task` [ RunTime:0.0199s ]
SQL: SHOW COLUMNS FROM `xxgc_account` [ RunTime:0.0233s ]
SQL: SHOW COLUMNS FROM `xxgc_process` [ RunTime:0.0184s ]

[ 2017-11-02T22:45:22+08:00 ] 127.0.0.1 /api.php
INFO: [ app_begin ] --START--
INFO: Run Behavior\ReadHtmlCacheBehavior [ RunTime:0.000962s ]
INFO: Run Behavior\CheckLangBehavior [ RunTime:0.001628s ]
INFO: Run Common\Behavior\UrldecodeGetBehavior [ RunTime:0.000997s ]
INFO: [ app_begin ] --END-- [ RunTime:0.004760s ]
NOTIC: [8] Undefined index: HTTP_RAW_POST_DATA E:\xampp\htdocs\xinxigongcheng\trunk\application\Api\Controller\IndexController.class.php 第 112 行.
SQL: SHOW COLUMNS FROM `xxgc_task` [ RunTime:0.0192s ]
SQL: SHOW COLUMNS FROM `xxgc_account` [ RunTime:0.0205s ]
SQL: SHOW COLUMNS FROM `xxgc_process` [ RunTime:0.0195s ]
NOTIC: [8] Undefined index: time_area E:\xampp\htdocs\xinxigongcheng\trunk\application\Api\Event\TaskEvent.class.php 第 100 行.
NOTIC: [8] Undefined index: time_area E:\xampp\htdocs\xinxigongcheng\trunk\application\Api\Event\TaskEvent.class.php 第 101 行.
SQL: SELECT COUNT(*) AS tp_count FROM `xxgc_task` WHERE `t_status` = 1 LIMIT 1   [ RunTime:0.0005s ]
SQL: SELECT `t_id`,`t_title`,from_unixtime(t_create_time,"%Y-%m-%d") as create_time,`t_stage_id` FROM `xxgc_task` WHERE `t_status` = 1 ORDER BY t_create_time desc LIMIT 0,10   [ RunTime:0.0005s ]

[ 2017-11-02T22:45:52+08:00 ] 127.0.0.1 /api.php
INFO: [ app_begin ] --START--
INFO: Run Behavior\ReadHtmlCacheBehavior [ RunTime:0.001199s ]
INFO: Run Behavior\CheckLangBehavior [ RunTime:0.001121s ]
INFO: Run Common\Behavior\UrldecodeGetBehavior [ RunTime:0.000731s ]
INFO: [ app_begin ] --END-- [ RunTime:0.004156s ]
NOTIC: [8] Undefined index: HTTP_RAW_POST_DATA E:\xampp\htdocs\xinxigongcheng\trunk\application\Api\Controller\IndexController.class.php 第 112 行.
SQL: SHOW COLUMNS FROM `xxgc_task` [ RunTime:0.0199s ]
SQL: SHOW COLUMNS FROM `xxgc_account` [ RunTime:0.0175s ]
SQL: SHOW COLUMNS FROM `xxgc_process` [ RunTime:0.0267s ]

[ 2017-11-02T22:45:52+08:00 ] 127.0.0.1 /api.php
INFO: [ app_begin ] --START--
INFO: Run Behavior\ReadHtmlCacheBehavior [ RunTime:0.000785s ]
INFO: Run Behavior\CheckLangBehavior [ RunTime:0.001243s ]
INFO: Run Common\Behavior\UrldecodeGetBehavior [ RunTime:0.000657s ]
INFO: [ app_begin ] --END-- [ RunTime:0.003510s ]
NOTIC: [8] Undefined index: HTTP_RAW_POST_DATA E:\xampp\htdocs\xinxigongcheng\trunk\application\Api\Controller\IndexController.class.php 第 112 行.
SQL: SHOW COLUMNS FROM `xxgc_task` [ RunTime:0.0193s ]
SQL: SHOW COLUMNS FROM `xxgc_account` [ RunTime:0.0241s ]
SQL: SHOW COLUMNS FROM `xxgc_process` [ RunTime:0.0179s ]
NOTIC: [8] Undefined index: time_area E:\xampp\htdocs\xinxigongcheng\trunk\application\Api\Event\TaskEvent.class.php 第 100 行.
NOTIC: [8] Undefined index: time_area E:\xampp\htdocs\xinxigongcheng\trunk\application\Api\Event\TaskEvent.class.php 第 101 行.
SQL: SELECT COUNT(*) AS tp_count FROM `xxgc_task` WHERE `t_status` = 1 LIMIT 1   [ RunTime:0.0004s ]
SQL: SELECT `t_id`,`t_title`,from_unixtime(t_create_time,"%Y-%m-%d") as create_time,`t_stage_id` FROM `xxgc_task` WHERE `t_status` = 1 ORDER BY t_create_time desc LIMIT 0,10   [ RunTime:0.0005s ]

[ 2017-11-02T22:47:42+08:00 ] 127.0.0.1 /api.php
INFO: [ app_begin ] --START--
INFO: Run Behavior\ReadHtmlCacheBehavior [ RunTime:0.000662s ]
INFO: Run Behavior\CheckLangBehavior [ RunTime:0.001203s ]
INFO: Run Common\Behavior\UrldecodeGetBehavior [ RunTime:0.000606s ]
INFO: [ app_begin ] --END-- [ RunTime:0.003282s ]
NOTIC: [8] Undefined index: HTTP_RAW_POST_DATA E:\xampp\htdocs\xinxigongcheng\trunk\application\Api\Controller\IndexController.class.php 第 112 行.
SQL: SHOW COLUMNS FROM `xxgc_task` [ RunTime:0.0457s ]
SQL: SHOW COLUMNS FROM `xxgc_account` [ RunTime:0.0611s ]
SQL: SHOW COLUMNS FROM `xxgc_process` [ RunTime:0.0221s ]

[ 2017-11-02T22:47:42+08:00 ] 127.0.0.1 /api.php
INFO: [ app_begin ] --START--
INFO: Run Behavior\ReadHtmlCacheBehavior [ RunTime:0.000890s ]
INFO: Run Behavior\CheckLangBehavior [ RunTime:0.001456s ]
INFO: Run Common\Behavior\UrldecodeGetBehavior [ RunTime:0.000552s ]
INFO: [ app_begin ] --END-- [ RunTime:0.003687s ]
NOTIC: [8] Undefined index: HTTP_RAW_POST_DATA E:\xampp\htdocs\xinxigongcheng\trunk\application\Api\Controller\IndexController.class.php 第 112 行.
SQL: SHOW COLUMNS FROM `xxgc_task` [ RunTime:0.0208s ]
SQL: SHOW COLUMNS FROM `xxgc_account` [ RunTime:0.0221s ]
SQL: SHOW COLUMNS FROM `xxgc_process` [ RunTime:0.0243s ]
NOTIC: [8] Undefined index: time_area E:\xampp\htdocs\xinxigongcheng\trunk\application\Api\Event\TaskEvent.class.php 第 100 行.
NOTIC: [8] Undefined index: time_area E:\xampp\htdocs\xinxigongcheng\trunk\application\Api\Event\TaskEvent.class.php 第 101 行.
SQL: SELECT COUNT(*) AS tp_count FROM `xxgc_task` WHERE `t_status` = 1 LIMIT 1   [ RunTime:0.0009s ]
SQL: SELECT `t_id`,`t_title`,from_unixtime(t_create_time,"%Y-%m-%d") as create_time,`t_stage_id` FROM `xxgc_task` WHERE `t_status` = 1 ORDER BY t_create_time desc LIMIT 0,10   [ RunTime:0.0006s ]

[ 2017-11-02T22:48:12+08:00 ] 127.0.0.1 /api.php
INFO: [ app_begin ] --START--
INFO: Run Behavior\ReadHtmlCacheBehavior [ RunTime:0.000791s ]
INFO: Run Behavior\CheckLangBehavior [ RunTime:0.001423s ]
INFO: Run Common\Behavior\UrldecodeGetBehavior [ RunTime:0.000576s ]
INFO: [ app_begin ] --END-- [ RunTime:0.003682s ]
NOTIC: [8] Undefined index: HTTP_RAW_POST_DATA E:\xampp\htdocs\xinxigongcheng\trunk\application\Api\Controller\IndexController.class.php 第 112 行.
SQL: SHOW COLUMNS FROM `xxgc_task` [ RunTime:0.0269s ]
SQL: SHOW COLUMNS FROM `xxgc_account` [ RunTime:0.0173s ]
SQL: SHOW COLUMNS FROM `xxgc_process` [ RunTime:0.0179s ]
NOTIC: [8] Undefined index: time_area E:\xampp\htdocs\xinxigongcheng\trunk\application\Api\Event\TaskEvent.class.php 第 100 行.
NOTIC: [8] Undefined index: time_area E:\xampp\htdocs\xinxigongcheng\trunk\application\Api\Event\TaskEvent.class.php 第 101 行.
SQL: SELECT COUNT(*) AS tp_count FROM `xxgc_task` WHERE `t_status` = 1 LIMIT 1   [ RunTime:0.0004s ]
SQL: SELECT `t_id`,`t_title`,from_unixtime(t_create_time,"%Y-%m-%d") as create_time,`t_stage_id` FROM `xxgc_task` WHERE `t_status` = 1 ORDER BY t_create_time desc LIMIT 0,10   [ RunTime:0.0005s ]

[ 2017-11-02T22:48:12+08:00 ] 127.0.0.1 /api.php
INFO: [ app_begin ] --START--
INFO: Run Behavior\ReadHtmlCacheBehavior [ RunTime:0.006897s ]
INFO: Run Behavior\CheckLangBehavior [ RunTime:0.024470s ]
INFO: Run Common\Behavior\UrldecodeGetBehavior [ RunTime:0.000892s ]
INFO: [ app_begin ] --END-- [ RunTime:0.041733s ]
NOTIC: [8] Undefined index: HTTP_RAW_POST_DATA E:\xampp\htdocs\xinxigongcheng\trunk\application\Api\Controller\IndexController.class.php 第 112 行.
SQL: SHOW COLUMNS FROM `xxgc_task` [ RunTime:0.0219s ]
SQL: SHOW COLUMNS FROM `xxgc_account` [ RunTime:0.0164s ]
SQL: SHOW COLUMNS FROM `xxgc_process` [ RunTime:0.0165s ]

[ 2017-11-02T22:48:46+08:00 ] 127.0.0.1 /api.php
INFO: [ app_begin ] --START--
INFO: Run Behavior\ReadHtmlCacheBehavior [ RunTime:0.000650s ]
INFO: Run Behavior\CheckLangBehavior [ RunTime:0.001075s ]
INFO: Run Common\Behavior\UrldecodeGetBehavior [ RunTime:0.000416s ]
INFO: [ app_begin ] --END-- [ RunTime:0.002934s ]
NOTIC: [8] Undefined index: HTTP_RAW_POST_DATA E:\xampp\htdocs\xinxigongcheng\trunk\application\Api\Controller\IndexController.class.php 第 112 行.
SQL: SHOW COLUMNS FROM `xxgc_task` [ RunTime:0.0221s ]
SQL: SHOW COLUMNS FROM `xxgc_account` [ RunTime:0.0193s ]
SQL: SHOW COLUMNS FROM `xxgc_process` [ RunTime:0.0262s ]

[ 2017-11-02T22:48:46+08:00 ] 127.0.0.1 /api.php
INFO: [ app_begin ] --START--
INFO: Run Behavior\ReadHtmlCacheBehavior [ RunTime:0.000892s ]
INFO: Run Behavior\CheckLangBehavior [ RunTime:0.001343s ]
INFO: Run Common\Behavior\UrldecodeGetBehavior [ RunTime:0.000496s ]
INFO: [ app_begin ] --END-- [ RunTime:0.003591s ]
NOTIC: [8] Undefined index: HTTP_RAW_POST_DATA E:\xampp\htdocs\xinxigongcheng\trunk\application\Api\Controller\IndexController.class.php 第 112 行.
SQL: SHOW COLUMNS FROM `xxgc_task` [ RunTime:0.0235s ]
SQL: SHOW COLUMNS FROM `xxgc_account` [ RunTime:0.0188s ]
SQL: SHOW COLUMNS FROM `xxgc_process` [ RunTime:0.0306s ]
NOTIC: [8] Undefined index: time_area E:\xampp\htdocs\xinxigongcheng\trunk\application\Api\Event\TaskEvent.class.php 第 100 行.
NOTIC: [8] Undefined index: time_area E:\xampp\htdocs\xinxigongcheng\trunk\application\Api\Event\TaskEvent.class.php 第 101 行.
SQL: SELECT COUNT(*) AS tp_count FROM `xxgc_task` WHERE `t_status` = 1 LIMIT 1   [ RunTime:0.0004s ]
SQL: SELECT `t_id`,`t_title`,from_unixtime(t_create_time,"%Y-%m-%d") as create_time,`t_stage_id` FROM `xxgc_task` WHERE `t_status` = 1 ORDER BY t_create_time desc LIMIT 0,10   [ RunTime:0.0005s ]

[ 2017-11-02T22:48:48+08:00 ] 127.0.0.1 /api.php
INFO: [ app_begin ] --START--
INFO: Run Behavior\ReadHtmlCacheBehavior [ RunTime:0.000700s ]
INFO: Run Behavior\CheckLangBehavior [ RunTime:0.008011s ]
INFO: Run Common\Behavior\UrldecodeGetBehavior [ RunTime:0.000451s ]
INFO: [ app_begin ] --END-- [ RunTime:0.009968s ]
NOTIC: [8] Undefined index: HTTP_RAW_POST_DATA E:\xampp\htdocs\xinxigongcheng\trunk\application\Api\Controller\IndexController.class.php 第 112 行.
SQL: SHOW COLUMNS FROM `xxgc_task` [ RunTime:0.0623s ]
SQL: SHOW COLUMNS FROM `xxgc_account` [ RunTime:0.0261s ]
SQL: SHOW COLUMNS FROM `xxgc_process` [ RunTime:0.0244s ]

[ 2017-11-02T22:48:48+08:00 ] 127.0.0.1 /api.php
INFO: [ app_begin ] --START--
INFO: Run Behavior\ReadHtmlCacheBehavior [ RunTime:0.000749s ]
INFO: Run Behavior\CheckLangBehavior [ RunTime:0.001311s ]
INFO: Run Common\Behavior\UrldecodeGetBehavior [ RunTime:0.000556s ]
INFO: [ app_begin ] --END-- [ RunTime:0.003518s ]
NOTIC: [8] Undefined index: HTTP_RAW_POST_DATA E:\xampp\htdocs\xinxigongcheng\trunk\application\Api\Controller\IndexController.class.php 第 112 行.
SQL: SHOW COLUMNS FROM `xxgc_task` [ RunTime:0.0269s ]
SQL: SHOW COLUMNS FROM `xxgc_account` [ RunTime:0.0210s ]
SQL: SHOW COLUMNS FROM `xxgc_process` [ RunTime:0.0182s ]
NOTIC: [8] Undefined index: time_area E:\xampp\htdocs\xinxigongcheng\trunk\application\Api\Event\TaskEvent.class.php 第 100 行.
NOTIC: [8] Undefined index: time_area E:\xampp\htdocs\xinxigongcheng\trunk\application\Api\Event\TaskEvent.class.php 第 101 行.
SQL: SELECT COUNT(*) AS tp_count FROM `xxgc_task` WHERE `t_status` = 1 LIMIT 1   [ RunTime:0.0004s ]
SQL: SELECT `t_id`,`t_title`,from_unixtime(t_create_time,"%Y-%m-%d") as create_time,`t_stage_id` FROM `xxgc_task` WHERE `t_status` = 1 ORDER BY t_create_time desc LIMIT 0,10   [ RunTime:0.0005s ]

[ 2017-11-02T22:49:27+08:00 ] 127.0.0.1 /api.php
INFO: [ app_begin ] --START--
INFO: Run Behavior\ReadHtmlCacheBehavior [ RunTime:0.000693s ]
INFO: Run Behavior\CheckLangBehavior [ RunTime:0.001141s ]
INFO: Run Common\Behavior\UrldecodeGetBehavior [ RunTime:0.000500s ]
INFO: [ app_begin ] --END-- [ RunTime:0.003201s ]
NOTIC: [8] Undefined index: HTTP_RAW_POST_DATA E:\xampp\htdocs\xinxigongcheng\trunk\application\Api\Controller\IndexController.class.php 第 112 行.
SQL: SHOW COLUMNS FROM `xxgc_task` [ RunTime:0.0596s ]
SQL: SHOW COLUMNS FROM `xxgc_account` [ RunTime:0.0271s ]
SQL: SHOW COLUMNS FROM `xxgc_process` [ RunTime:0.0299s ]

[ 2017-11-02T22:49:28+08:00 ] 127.0.0.1 /api.php
INFO: [ app_begin ] --START--
INFO: Run Behavior\ReadHtmlCacheBehavior [ RunTime:0.000719s ]
INFO: Run Behavior\CheckLangBehavior [ RunTime:0.002997s ]
INFO: Run Common\Behavior\UrldecodeGetBehavior [ RunTime:0.002834s ]
INFO: [ app_begin ] --END-- [ RunTime:0.007262s ]
NOTIC: [8] Undefined index: HTTP_RAW_POST_DATA E:\xampp\htdocs\xinxigongcheng\trunk\application\Api\Controller\IndexController.class.php 第 112 行.
SQL: SHOW COLUMNS FROM `xxgc_task` [ RunTime:0.0231s ]
SQL: SHOW COLUMNS FROM `xxgc_account` [ RunTime:0.0222s ]
SQL: SHOW COLUMNS FROM `xxgc_process` [ RunTime:0.0160s ]
NOTIC: [8] Undefined index: time_area E:\xampp\htdocs\xinxigongcheng\trunk\application\Api\Event\TaskEvent.class.php 第 100 行.
NOTIC: [8] Undefined index: time_area E:\xampp\htdocs\xinxigongcheng\trunk\application\Api\Event\TaskEvent.class.php 第 101 行.
SQL: SELECT COUNT(*) AS tp_count FROM `xxgc_task` WHERE `t_status` = 1 LIMIT 1   [ RunTime:0.0005s ]
SQL: SELECT `t_id`,`t_title`,from_unixtime(t_create_time,"%Y-%m-%d") as create_time,`t_stage_id` FROM `xxgc_task` WHERE `t_status` = 1 ORDER BY t_create_time desc LIMIT 0,10   [ RunTime:0.0005s ]

[ 2017-11-02T22:50:42+08:00 ] 127.0.0.1 /api.php
INFO: [ app_begin ] --START--
INFO: Run Behavior\ReadHtmlCacheBehavior [ RunTime:0.000694s ]
INFO: Run Behavior\CheckLangBehavior [ RunTime:0.001362s ]
INFO: Run Common\Behavior\UrldecodeGetBehavior [ RunTime:0.000878s ]
INFO: [ app_begin ] --END-- [ RunTime:0.003712s ]
NOTIC: [8] Undefined index: HTTP_RAW_POST_DATA E:\xampp\htdocs\xinxigongcheng\trunk\application\Api\Controller\IndexController.class.php 第 112 行.
SQL: SHOW COLUMNS FROM `xxgc_task` [ RunTime:0.0243s ]
SQL: SHOW COLUMNS FROM `xxgc_account` [ RunTime:0.0321s ]
SQL: SHOW COLUMNS FROM `xxgc_process` [ RunTime:0.0129s ]

[ 2017-11-02T22:50:42+08:00 ] 127.0.0.1 /api.php
INFO: [ app_begin ] --START--
INFO: Run Behavior\ReadHtmlCacheBehavior [ RunTime:0.000759s ]
INFO: Run Behavior\CheckLangBehavior [ RunTime:0.001167s ]
INFO: Run Common\Behavior\UrldecodeGetBehavior [ RunTime:0.000448s ]
INFO: [ app_begin ] --END-- [ RunTime:0.003232s ]
NOTIC: [8] Undefined index: HTTP_RAW_POST_DATA E:\xampp\htdocs\xinxigongcheng\trunk\application\Api\Controller\IndexController.class.php 第 112 行.
SQL: SHOW COLUMNS FROM `xxgc_task` [ RunTime:0.0144s ]
SQL: SHOW COLUMNS FROM `xxgc_account` [ RunTime:0.0145s ]
SQL: SHOW COLUMNS FROM `xxgc_process` [ RunTime:0.0109s ]
NOTIC: [8] Undefined index: time_area E:\xampp\htdocs\xinxigongcheng\trunk\application\Api\Event\TaskEvent.class.php 第 100 行.
NOTIC: [8] Undefined index: time_area E:\xampp\htdocs\xinxigongcheng\trunk\application\Api\Event\TaskEvent.class.php 第 101 行.
SQL: SELECT COUNT(*) AS tp_count FROM `xxgc_task` WHERE `t_status` = 1 LIMIT 1   [ RunTime:0.0004s ]
SQL: SELECT `t_id`,`t_title`,from_unixtime(t_create_time,"%Y-%m-%d") as create_time,`t_stage_id` FROM `xxgc_task` WHERE `t_status` = 1 ORDER BY t_create_time desc LIMIT 0,10   [ RunTime:0.0005s ]

[ 2017-11-02T22:54:01+08:00 ] 127.0.0.1 /api.php
INFO: [ app_begin ] --START--
INFO: Run Behavior\ReadHtmlCacheBehavior [ RunTime:0.001040s ]
INFO: Run Behavior\CheckLangBehavior [ RunTime:0.002630s ]
INFO: Run Common\Behavior\UrldecodeGetBehavior [ RunTime:0.000639s ]
INFO: [ app_begin ] --END-- [ RunTime:0.005107s ]
NOTIC: [8] Undefined index: HTTP_RAW_POST_DATA E:\xampp\htdocs\xinxigongcheng\trunk\application\Api\Controller\IndexController.class.php 第 112 行.
SQL: SHOW COLUMNS FROM `xxgc_task` [ RunTime:0.0204s ]
SQL: SHOW COLUMNS FROM `xxgc_account` [ RunTime:0.0257s ]
SQL: SHOW COLUMNS FROM `xxgc_process` [ RunTime:0.0148s ]

[ 2017-11-02T22:54:01+08:00 ] 127.0.0.1 /api.php
INFO: [ app_begin ] --START--
INFO: Run Behavior\ReadHtmlCacheBehavior [ RunTime:0.000876s ]
INFO: Run Behavior\CheckLangBehavior [ RunTime:0.001495s ]
INFO: Run Common\Behavior\UrldecodeGetBehavior [ RunTime:0.000631s ]
INFO: [ app_begin ] --END-- [ RunTime:0.003856s ]
NOTIC: [8] Undefined index: HTTP_RAW_POST_DATA E:\xampp\htdocs\xinxigongcheng\trunk\application\Api\Controller\IndexController.class.php 第 112 行.
SQL: SHOW COLUMNS FROM `xxgc_task` [ RunTime:0.0162s ]
SQL: SHOW COLUMNS FROM `xxgc_account` [ RunTime:0.0239s ]
SQL: SHOW COLUMNS FROM `xxgc_process` [ RunTime:0.0119s ]
NOTIC: [8] Undefined index: time_area E:\xampp\htdocs\xinxigongcheng\trunk\application\Api\Event\TaskEvent.class.php 第 100 行.
NOTIC: [8] Undefined index: time_area E:\xampp\htdocs\xinxigongcheng\trunk\application\Api\Event\TaskEvent.class.php 第 101 行.
SQL: SELECT COUNT(*) AS tp_count FROM `xxgc_task` WHERE `t_status` = 1 LIMIT 1   [ RunTime:0.0003s ]
SQL: SELECT `t_id`,`t_title`,from_unixtime(t_create_time,"%Y-%m-%d") as create_time,`t_stage_id` FROM `xxgc_task` WHERE `t_status` = 1 ORDER BY t_create_time desc LIMIT 0,10   [ RunTime:0.0003s ]

[ 2017-11-02T22:54:08+08:00 ] 127.0.0.1 /api.php
INFO: [ app_begin ] --START--
INFO: Run Behavior\ReadHtmlCacheBehavior [ RunTime:0.000789s ]
INFO: Run Behavior\CheckLangBehavior [ RunTime:0.001217s ]
INFO: Run Common\Behavior\UrldecodeGetBehavior [ RunTime:0.000499s ]
INFO: [ app_begin ] --END-- [ RunTime:0.003568s ]
NOTIC: [8] Undefined index: HTTP_RAW_POST_DATA E:\xampp\htdocs\xinxigongcheng\trunk\application\Api\Controller\IndexController.class.php 第 112 行.
SQL: SHOW COLUMNS FROM `xxgc_task` [ RunTime:0.0198s ]
SQL: SHOW COLUMNS FROM `xxgc_account` [ RunTime:0.0162s ]
SQL: SHOW COLUMNS FROM `xxgc_process` [ RunTime:0.0178s ]
NOTIC: [8] Undefined index: time_area E:\xampp\htdocs\xinxigongcheng\trunk\application\Api\Event\TaskEvent.class.php 第 100 行.
NOTIC: [8] Undefined index: time_area E:\xampp\htdocs\xinxigongcheng\trunk\application\Api\Event\TaskEvent.class.php 第 101 行.
SQL: SELECT COUNT(*) AS tp_count FROM `xxgc_task` WHERE `t_status` = 1 LIMIT 1   [ RunTime:0.0004s ]
SQL: SELECT `t_id`,`t_title`,from_unixtime(t_create_time,"%Y-%m-%d") as create_time,`t_stage_id` FROM `xxgc_task` WHERE `t_status` = 1 ORDER BY t_create_time desc LIMIT 0,10   [ RunTime:0.0004s ]

[ 2017-11-02T22:54:11+08:00 ] 127.0.0.1 /api.php
INFO: [ app_begin ] --START--
INFO: Run Behavior\ReadHtmlCacheBehavior [ RunTime:0.000545s ]
INFO: Run Behavior\CheckLangBehavior [ RunTime:0.000875s ]
INFO: Run Common\Behavior\UrldecodeGetBehavior [ RunTime:0.000327s ]
INFO: [ app_begin ] --END-- [ RunTime:0.002381s ]
NOTIC: [8] Undefined index: HTTP_RAW_POST_DATA E:\xampp\htdocs\xinxigongcheng\trunk\application\Api\Controller\IndexController.class.php 第 112 行.
SQL: SHOW COLUMNS FROM `xxgc_task` [ RunTime:0.0132s ]
SQL: SHOW COLUMNS FROM `xxgc_account` [ RunTime:0.0127s ]
SQL: SHOW COLUMNS FROM `xxgc_process` [ RunTime:0.0188s ]
SQL: SELECT * FROM `xxgc_task` WHERE `t_id` = 97 LIMIT 1   [ RunTime:0.0006s ]
SQL: SELECT * FROM `xxgc_process` WHERE `t_id` = 97  [ RunTime:0.0007s ]
SQL: SELECT * FROM `xxgc_account` WHERE `a_id` = 15 LIMIT 1   [ RunTime:0.0004s ]
SQL: SELECT * FROM `xxgc_account` WHERE `a_id` = 17 LIMIT 1   [ RunTime:0.0005s ]
SQL: SELECT * FROM `xxgc_account` WHERE `a_id` = 18 LIMIT 1   [ RunTime:0.0004s ]

[ 2017-11-02T22:59:14+08:00 ] 127.0.0.1 /api.php
INFO: [ app_begin ] --START--
INFO: Run Behavior\ReadHtmlCacheBehavior [ RunTime:0.000642s ]
INFO: Run Behavior\CheckLangBehavior [ RunTime:0.000997s ]
INFO: Run Common\Behavior\UrldecodeGetBehavior [ RunTime:0.000416s ]
INFO: [ app_begin ] --END-- [ RunTime:0.002681s ]
NOTIC: [8] Undefined index: HTTP_RAW_POST_DATA E:\xampp\htdocs\xinxigongcheng\trunk\application\Api\Controller\IndexController.class.php 第 112 行.
SQL: SHOW COLUMNS FROM `xxgc_task` [ RunTime:0.0139s ]
SQL: SHOW COLUMNS FROM `xxgc_account` [ RunTime:0.0169s ]
SQL: SHOW COLUMNS FROM `xxgc_process` [ RunTime:0.0151s ]
SQL: SELECT * FROM `xxgc_task` WHERE `t_id` = 97 LIMIT 1   [ RunTime:0.0005s ]
SQL: SELECT * FROM `xxgc_process` WHERE `t_id` = 97  [ RunTime:0.0004s ]
SQL: SELECT * FROM `xxgc_account` WHERE `a_id` = 15 LIMIT 1   [ RunTime:0.0004s ]
SQL: SELECT * FROM `xxgc_account` WHERE `a_id` = 17 LIMIT 1   [ RunTime:0.0004s ]
SQL: SELECT * FROM `xxgc_account` WHERE `a_id` = 18 LIMIT 1   [ RunTime:0.0016s ]

