[ 2017-11-19T11:26:28+08:00 ] 127.0.0.1 /api.php
INFO: [ app_begin ] --START--
INFO: Run Behavior\ReadHtmlCacheBehavior [ RunTime:0.000782s ]
INFO: Run Behavior\CheckLangBehavior [ RunTime:0.001239s ]
INFO: Run Common\Behavior\UrldecodeGetBehavior [ RunTime:0.000643s ]
INFO: [ app_begin ] --END-- [ RunTime:0.003559s ]
NOTIC: [8] Undefined index: HTTP_RAW_POST_DATA E:\xampp\htdocs\xinxigongcheng\trunk\application\Api\Controller\IndexController.class.php 第 112 行.
SQL: SHOW COLUMNS FROM `xxgc_task` [ RunTime:0.0059s ]
SQL: SHOW COLUMNS FROM `xxgc_account` [ RunTime:0.0050s ]
SQL: SHOW COLUMNS FROM `xxgc_process` [ RunTime:0.0063s ]

[ 2017-11-19T11:26:28+08:00 ] 127.0.0.1 /api.php
INFO: [ app_begin ] --START--
INFO: Run Behavior\ReadHtmlCacheBehavior [ RunTime:0.000968s ]
INFO: Run Behavior\CheckLangBehavior [ RunTime:0.001709s ]
INFO: Run Common\Behavior\UrldecodeGetBehavior [ RunTime:0.001130s ]
INFO: [ app_begin ] --END-- [ RunTime:0.004744s ]
NOTIC: [8] Undefined index: HTTP_RAW_POST_DATA E:\xampp\htdocs\xinxigongcheng\trunk\application\Api\Controller\IndexController.class.php 第 112 行.
SQL: SHOW COLUMNS FROM `xxgc_task` [ RunTime:0.0034s ]
SQL: SHOW COLUMNS FROM `xxgc_account` [ RunTime:0.0040s ]
SQL: SHOW COLUMNS FROM `xxgc_process` [ RunTime:0.0032s ]
NOTIC: [8] Undefined index: time_area E:\xampp\htdocs\xinxigongcheng\trunk\application\Api\Event\TaskEvent.class.php 第 100 行.
NOTIC: [8] Undefined index: time_area E:\xampp\htdocs\xinxigongcheng\trunk\application\Api\Event\TaskEvent.class.php 第 101 行.
SQL: SELECT COUNT(*) AS tp_count FROM `xxgc_task` WHERE `t_status` = 1 LIMIT 1   [ RunTime:0.0021s ]
SQL: SELECT `t_id`,`t_title`,from_unixtime(t_create_time,"%Y-%m-%d") as create_time,`t_stage_id` FROM `xxgc_task` WHERE `t_status` = 1 ORDER BY t_create_time desc LIMIT 0,10   [ RunTime:0.0013s ]

[ 2017-11-19T11:26:31+08:00 ] 127.0.0.1 /api.php
INFO: [ app_begin ] --START--
INFO: Run Behavior\ReadHtmlCacheBehavior [ RunTime:0.000921s ]
INFO: Run Behavior\CheckLangBehavior [ RunTime:0.001403s ]
INFO: Run Common\Behavior\UrldecodeGetBehavior [ RunTime:0.000840s ]
INFO: [ app_begin ] --END-- [ RunTime:0.004017s ]
NOTIC: [8] Undefined index: HTTP_RAW_POST_DATA E:\xampp\htdocs\xinxigongcheng\trunk\application\Api\Controller\IndexController.class.php 第 112 行.
SQL: SHOW COLUMNS FROM `xxgc_task` [ RunTime:0.0036s ]
SQL: SHOW COLUMNS FROM `xxgc_account` [ RunTime:0.0039s ]
SQL: SHOW COLUMNS FROM `xxgc_process` [ RunTime:0.0044s ]

[ 2017-11-19T11:26:33+08:00 ] 127.0.0.1 /api.php
INFO: [ app_begin ] --START--
INFO: Run Behavior\ReadHtmlCacheBehavior [ RunTime:0.000957s ]
INFO: Run Behavior\CheckLangBehavior [ RunTime:0.001328s ]
INFO: Run Common\Behavior\UrldecodeGetBehavior [ RunTime:0.000480s ]
INFO: [ app_begin ] --END-- [ RunTime:0.004007s ]
NOTIC: [8] Undefined index: HTTP_RAW_POST_DATA E:\xampp\htdocs\xinxigongcheng\trunk\application\Api\Controller\IndexController.class.php 第 112 行.

[ 2017-11-19T11:26:33+08:00 ] 127.0.0.1 /api.php
INFO: [ app_begin ] --START--
INFO: Run Behavior\ReadHtmlCacheBehavior [ RunTime:0.000484s ]
INFO: Run Behavior\CheckLangBehavior [ RunTime:0.000964s ]
INFO: Run Common\Behavior\UrldecodeGetBehavior [ RunTime:0.000489s ]
INFO: [ app_begin ] --END-- [ RunTime:0.002548s ]
NOTIC: [8] Undefined index: HTTP_RAW_POST_DATA E:\xampp\htdocs\xinxigongcheng\trunk\application\Api\Controller\IndexController.class.php 第 112 行.
SQL: SHOW COLUMNS FROM `xxgc_account` [ RunTime:0.0030s ]
SQL: SELECT `a_id`,`a_name` FROM `xxgc_account` WHERE `a_type` = 1 AND `status` = 1  [ RunTime:0.0010s ]

[ 2017-11-19T11:26:33+08:00 ] 127.0.0.1 /api.php
INFO: [ app_begin ] --START--
INFO: Run Behavior\ReadHtmlCacheBehavior [ RunTime:0.001778s ]
INFO: Run Behavior\CheckLangBehavior [ RunTime:0.001501s ]
INFO: Run Common\Behavior\UrldecodeGetBehavior [ RunTime:0.000505s ]
INFO: [ app_begin ] --END-- [ RunTime:0.004814s ]
NOTIC: [8] Undefined index: HTTP_RAW_POST_DATA E:\xampp\htdocs\xinxigongcheng\trunk\application\Api\Controller\IndexController.class.php 第 112 行.
SQL: SHOW COLUMNS FROM `xxgc_task` [ RunTime:0.0038s ]
SQL: SHOW COLUMNS FROM `xxgc_account` [ RunTime:0.0065s ]
SQL: SHOW COLUMNS FROM `xxgc_process` [ RunTime:0.0035s ]
SQL: SELECT COUNT(*) AS tp_count FROM `xxgc_task` WHERE `t_status` IN ('2','3','4','5') LIMIT 1   [ RunTime:0.0003s ]
SQL: SELECT `t_id`,`t_title`,from_unixtime(t_create_time,"%Y-%m-%d") as create_time,`t_status` FROM `xxgc_task` WHERE `t_status` IN ('2','3','4','5') ORDER BY t_status asc,t_create_time desc LIMIT 0,10   [ RunTime:0.0003s ]

[ 2017-11-19T11:26:35+08:00 ] 127.0.0.1 /api.php
INFO: [ app_begin ] --START--
INFO: Run Behavior\ReadHtmlCacheBehavior [ RunTime:0.000797s ]
INFO: Run Behavior\CheckLangBehavior [ RunTime:0.001186s ]
INFO: Run Common\Behavior\UrldecodeGetBehavior [ RunTime:0.000987s ]
INFO: [ app_begin ] --END-- [ RunTime:0.003938s ]
NOTIC: [8] Undefined index: HTTP_RAW_POST_DATA E:\xampp\htdocs\xinxigongcheng\trunk\application\Api\Controller\IndexController.class.php 第 112 行.
SQL: SHOW COLUMNS FROM `xxgc_task` [ RunTime:0.0067s ]
SQL: SHOW COLUMNS FROM `xxgc_account` [ RunTime:0.0041s ]
SQL: SHOW COLUMNS FROM `xxgc_process` [ RunTime:0.0034s ]

[ 2017-11-19T11:26:36+08:00 ] 127.0.0.1 /api.php
INFO: [ app_begin ] --START--
INFO: Run Behavior\ReadHtmlCacheBehavior [ RunTime:0.000897s ]
INFO: Run Behavior\CheckLangBehavior [ RunTime:0.001199s ]
INFO: Run Common\Behavior\UrldecodeGetBehavior [ RunTime:0.000429s ]
INFO: [ app_begin ] --END-- [ RunTime:0.003313s ]
NOTIC: [8] Undefined index: HTTP_RAW_POST_DATA E:\xampp\htdocs\xinxigongcheng\trunk\application\Api\Controller\IndexController.class.php 第 112 行.

[ 2017-11-19T11:26:36+08:00 ] 127.0.0.1 /api.php
INFO: [ app_begin ] --START--
INFO: Run Behavior\ReadHtmlCacheBehavior [ RunTime:0.000944s ]
INFO: Run Behavior\CheckLangBehavior [ RunTime:0.001542s ]
INFO: Run Common\Behavior\UrldecodeGetBehavior [ RunTime:0.000655s ]
INFO: [ app_begin ] --END-- [ RunTime:0.004043s ]
NOTIC: [8] Undefined index: HTTP_RAW_POST_DATA E:\xampp\htdocs\xinxigongcheng\trunk\application\Api\Controller\IndexController.class.php 第 112 行.
SQL: SHOW COLUMNS FROM `xxgc_account` [ RunTime:0.0052s ]
SQL: SELECT `a_id`,`a_name` FROM `xxgc_account` WHERE `a_type` = 1 AND `status` = 1  [ RunTime:0.0005s ]

[ 2017-11-19T11:26:36+08:00 ] 127.0.0.1 /api.php
INFO: [ app_begin ] --START--
INFO: Run Behavior\ReadHtmlCacheBehavior [ RunTime:0.000670s ]
INFO: Run Behavior\CheckLangBehavior [ RunTime:0.001208s ]
INFO: Run Common\Behavior\UrldecodeGetBehavior [ RunTime:0.000373s ]
INFO: [ app_begin ] --END-- [ RunTime:0.002973s ]
NOTIC: [8] Undefined index: HTTP_RAW_POST_DATA E:\xampp\htdocs\xinxigongcheng\trunk\application\Api\Controller\IndexController.class.php 第 112 行.
SQL: SHOW COLUMNS FROM `xxgc_task` [ RunTime:0.0049s ]
SQL: SHOW COLUMNS FROM `xxgc_account` [ RunTime:0.0042s ]
SQL: SHOW COLUMNS FROM `xxgc_process` [ RunTime:0.0037s ]

[ 2017-11-19T11:26:36+08:00 ] 127.0.0.1 /api.php
INFO: [ app_begin ] --START--
INFO: Run Behavior\ReadHtmlCacheBehavior [ RunTime:0.001233s ]
INFO: Run Behavior\CheckLangBehavior [ RunTime:0.001323s ]
INFO: Run Common\Behavior\UrldecodeGetBehavior [ RunTime:0.000500s ]
INFO: [ app_begin ] --END-- [ RunTime:0.003963s ]
NOTIC: [8] Undefined index: HTTP_RAW_POST_DATA E:\xampp\htdocs\xinxigongcheng\trunk\application\Api\Controller\IndexController.class.php 第 112 行.
SQL: SHOW COLUMNS FROM `xxgc_task` [ RunTime:0.0029s ]
SQL: SHOW COLUMNS FROM `xxgc_account` [ RunTime:0.0042s ]
SQL: SHOW COLUMNS FROM `xxgc_process` [ RunTime:0.0027s ]
NOTIC: [8] Undefined index: time_area E:\xampp\htdocs\xinxigongcheng\trunk\application\Api\Event\TaskEvent.class.php 第 100 行.
NOTIC: [8] Undefined index: time_area E:\xampp\htdocs\xinxigongcheng\trunk\application\Api\Event\TaskEvent.class.php 第 101 行.
SQL: SELECT COUNT(*) AS tp_count FROM `xxgc_task` WHERE `t_status` = 1 LIMIT 1   [ RunTime:0.0003s ]
SQL: SELECT `t_id`,`t_title`,from_unixtime(t_create_time,"%Y-%m-%d") as create_time,`t_stage_id` FROM `xxgc_task` WHERE `t_status` = 1 ORDER BY t_create_time desc LIMIT 0,10   [ RunTime:0.0004s ]

[ 2017-11-19T13:34:28+08:00 ] 127.0.0.1 /api.php
INFO: [ app_begin ] --START--
INFO: Run Behavior\ReadHtmlCacheBehavior [ RunTime:0.000590s ]
INFO: Run Behavior\CheckLangBehavior [ RunTime:0.000917s ]
INFO: Run Common\Behavior\UrldecodeGetBehavior [ RunTime:0.000344s ]
INFO: [ app_begin ] --END-- [ RunTime:0.002574s ]
NOTIC: [8] Undefined index: HTTP_RAW_POST_DATA E:\xampp\htdocs\xinxigongcheng\trunk\application\Api\Controller\IndexController.class.php 第 112 行.
SQL: SHOW COLUMNS FROM `xxgc_task` [ RunTime:0.0150s ]
SQL: SHOW COLUMNS FROM `xxgc_account` [ RunTime:0.0117s ]
SQL: SHOW COLUMNS FROM `xxgc_process` [ RunTime:0.0241s ]

[ 2017-11-19T13:34:29+08:00 ] 127.0.0.1 /api.php
INFO: [ app_begin ] --START--
INFO: Run Behavior\ReadHtmlCacheBehavior [ RunTime:0.001035s ]
INFO: Run Behavior\CheckLangBehavior [ RunTime:0.003619s ]
INFO: Run Common\Behavior\UrldecodeGetBehavior [ RunTime:0.001917s ]
INFO: [ app_begin ] --END-- [ RunTime:0.007569s ]
NOTIC: [8] Undefined index: HTTP_RAW_POST_DATA E:\xampp\htdocs\xinxigongcheng\trunk\application\Api\Controller\IndexController.class.php 第 112 行.

[ 2017-11-19T13:34:29+08:00 ] 127.0.0.1 /api.php
INFO: [ app_begin ] --START--
INFO: Run Behavior\ReadHtmlCacheBehavior [ RunTime:0.000553s ]
INFO: Run Behavior\CheckLangBehavior [ RunTime:0.000882s ]
INFO: Run Common\Behavior\UrldecodeGetBehavior [ RunTime:0.000316s ]
INFO: [ app_begin ] --END-- [ RunTime:0.002355s ]
NOTIC: [8] Undefined index: HTTP_RAW_POST_DATA E:\xampp\htdocs\xinxigongcheng\trunk\application\Api\Controller\IndexController.class.php 第 112 行.
SQL: SHOW COLUMNS FROM `xxgc_account` [ RunTime:0.0171s ]
SQL: SELECT `a_id`,`a_name` FROM `xxgc_account` WHERE `a_type` = 1 AND `status` = 1  [ RunTime:0.0004s ]

[ 2017-11-19T14:14:40+08:00 ] 127.0.0.1 /api.php
INFO: [ app_begin ] --START--
INFO: Run Behavior\ReadHtmlCacheBehavior [ RunTime:0.001030s ]
INFO: Run Behavior\CheckLangBehavior [ RunTime:0.001866s ]
INFO: Run Common\Behavior\UrldecodeGetBehavior [ RunTime:0.000613s ]
INFO: [ app_begin ] --END-- [ RunTime:0.004824s ]
NOTIC: [8] Undefined index: HTTP_RAW_POST_DATA E:\xampp\htdocs\xinxigongcheng\trunk\application\Api\Controller\IndexController.class.php 第 112 行.

[ 2017-11-19T14:17:35+08:00 ] 127.0.0.1 /api.php
INFO: [ app_begin ] --START--
INFO: Run Behavior\ReadHtmlCacheBehavior [ RunTime:0.000788s ]
INFO: Run Behavior\CheckLangBehavior [ RunTime:0.002748s ]
INFO: Run Common\Behavior\UrldecodeGetBehavior [ RunTime:0.000815s ]
INFO: [ app_begin ] --END-- [ RunTime:0.005097s ]
NOTIC: [8] Undefined index: HTTP_RAW_POST_DATA E:\xampp\htdocs\xinxigongcheng\trunk\application\Api\Controller\IndexController.class.php 第 112 行.

[ 2017-11-19T15:03:19+08:00 ] 127.0.0.1 /api.php
INFO: [ app_begin ] --START--
INFO: Run Behavior\ReadHtmlCacheBehavior [ RunTime:0.000770s ]
INFO: Run Behavior\CheckLangBehavior [ RunTime:0.003596s ]
INFO: Run Common\Behavior\UrldecodeGetBehavior [ RunTime:0.000596s ]
INFO: [ app_begin ] --END-- [ RunTime:0.005635s ]
NOTIC: [8] Undefined index: HTTP_RAW_POST_DATA E:\xampp\htdocs\xinxigongcheng\trunk\application\Api\Controller\IndexController.class.php 第 112 行.
SQL: SHOW COLUMNS FROM `xxgc_task` [ RunTime:0.0155s ]
SQL: SHOW COLUMNS FROM `xxgc_account` [ RunTime:0.0288s ]
SQL: SHOW COLUMNS FROM `xxgc_process` [ RunTime:0.0351s ]

