[ 2017-11-01T22:42:24+08:00 ] 127.0.0.1 /api.php
INFO: [ app_begin ] --START--
INFO: Run Behavior\ReadHtmlCacheBehavior [ RunTime:0.001157s ]
INFO: Run Behavior\CheckLangBehavior [ RunTime:0.001216s ]
INFO: Run Common\Behavior\UrldecodeGetBehavior [ RunTime:0.000513s ]
INFO: [ app_begin ] --END-- [ RunTime:0.003734s ]
NOTIC: [8] Undefined index: HTTP_RAW_POST_DATA E:\xampp\htdocs\xinxigongcheng\trunk\application\Api\Controller\IndexController.class.php 第 112 行.
SQL: SHOW COLUMNS FROM `xxgc_users` [ RunTime:0.0058s ]
SQL: SELECT COUNT(*) AS tp_count FROM `xxgc_users` WHERE `user_login` = 'test' AND `user_pass` = '###8672413f2ac72ea28c5b2ad70d8f9b26' LIMIT 1   [ RunTime:0.0028s ]
SQL: SELECT * FROM `xxgc_users` WHERE `user_login` = 'test' AND `user_pass` = '###8672413f2ac72ea28c5b2ad70d8f9b26' LIMIT 1   [ RunTime:0.0006s ]

[ 2017-11-01T22:42:24+08:00 ] 127.0.0.1 /api.php
INFO: [ app_begin ] --START--
INFO: Run Behavior\ReadHtmlCacheBehavior [ RunTime:0.000885s ]
INFO: Run Behavior\CheckLangBehavior [ RunTime:0.001523s ]
INFO: Run Common\Behavior\UrldecodeGetBehavior [ RunTime:0.000594s ]
INFO: [ app_begin ] --END-- [ RunTime:0.003849s ]
NOTIC: [8] Undefined index: HTTP_RAW_POST_DATA E:\xampp\htdocs\xinxigongcheng\trunk\application\Api\Controller\IndexController.class.php 第 112 行.
SQL: SHOW COLUMNS FROM `xxgc_task` [ RunTime:0.0087s ]
SQL: SHOW COLUMNS FROM `xxgc_account` [ RunTime:0.0049s ]
SQL: SHOW COLUMNS FROM `xxgc_process` [ RunTime:0.0095s ]

[ 2017-11-01T22:42:24+08:00 ] 127.0.0.1 /api.php
INFO: [ app_begin ] --START--
INFO: Run Behavior\ReadHtmlCacheBehavior [ RunTime:0.000655s ]
INFO: Run Behavior\CheckLangBehavior [ RunTime:0.001309s ]
INFO: Run Common\Behavior\UrldecodeGetBehavior [ RunTime:0.000480s ]
INFO: [ app_begin ] --END-- [ RunTime:0.003340s ]
NOTIC: [8] Undefined index: HTTP_RAW_POST_DATA E:\xampp\htdocs\xinxigongcheng\trunk\application\Api\Controller\IndexController.class.php 第 112 行.
SQL: SHOW COLUMNS FROM `xxgc_task` [ RunTime:0.0042s ]
SQL: SHOW COLUMNS FROM `xxgc_account` [ RunTime:0.0035s ]
SQL: SHOW COLUMNS FROM `xxgc_process` [ RunTime:0.0040s ]
NOTIC: [8] Undefined index: time_area E:\xampp\htdocs\xinxigongcheng\trunk\application\Api\Event\TaskEvent.class.php 第 100 行.
NOTIC: [8] Undefined index: time_area E:\xampp\htdocs\xinxigongcheng\trunk\application\Api\Event\TaskEvent.class.php 第 101 行.
SQL: SELECT COUNT(*) AS tp_count FROM `xxgc_task` WHERE `t_status` = 1 LIMIT 1   [ RunTime:0.0015s ]
SQL: SELECT `t_id`,`t_title`,from_unixtime(t_create_time,"%Y-%m-%d") as create_time,`t_stage_id` FROM `xxgc_task` WHERE `t_status` = 1 ORDER BY t_create_time desc LIMIT 0,10   [ RunTime:0.0016s ]

[ 2017-11-01T22:42:25+08:00 ] 127.0.0.1 /api.php
INFO: [ app_begin ] --START--
INFO: Run Behavior\ReadHtmlCacheBehavior [ RunTime:0.000481s ]
INFO: Run Behavior\CheckLangBehavior [ RunTime:0.000740s ]
INFO: Run Common\Behavior\UrldecodeGetBehavior [ RunTime:0.000289s ]
INFO: [ app_begin ] --END-- [ RunTime:0.002062s ]
NOTIC: [8] Undefined index: HTTP_RAW_POST_DATA E:\xampp\htdocs\xinxigongcheng\trunk\application\Api\Controller\IndexController.class.php 第 112 行.
SQL: SHOW COLUMNS FROM `xxgc_task` [ RunTime:0.0046s ]
SQL: SHOW COLUMNS FROM `xxgc_account` [ RunTime:0.0037s ]
SQL: SHOW COLUMNS FROM `xxgc_process` [ RunTime:0.0032s ]
SQL: SELECT * FROM `xxgc_task` WHERE `t_id` = 97 LIMIT 1   [ RunTime:0.0005s ]
SQL: SELECT * FROM `xxgc_process` WHERE `t_id` = 97  [ RunTime:0.0009s ]
SQL: SELECT * FROM `xxgc_account` WHERE `a_id` = 15 LIMIT 1   [ RunTime:0.0004s ]
SQL: SELECT * FROM `xxgc_account` WHERE `a_id` = 17 LIMIT 1   [ RunTime:0.0004s ]
SQL: SELECT * FROM `xxgc_account` WHERE `a_id` = 18 LIMIT 1   [ RunTime:0.0004s ]

[ 2017-11-01T22:42:39+08:00 ] 127.0.0.1 /api.php
INFO: [ app_begin ] --START--
INFO: Run Behavior\ReadHtmlCacheBehavior [ RunTime:0.000584s ]
INFO: Run Behavior\CheckLangBehavior [ RunTime:0.001085s ]
INFO: Run Common\Behavior\UrldecodeGetBehavior [ RunTime:0.000440s ]
INFO: [ app_begin ] --END-- [ RunTime:0.002775s ]
NOTIC: [8] Undefined index: HTTP_RAW_POST_DATA E:\xampp\htdocs\xinxigongcheng\trunk\application\Api\Controller\IndexController.class.php 第 112 行.
SQL: SHOW COLUMNS FROM `xxgc_task` [ RunTime:0.0047s ]
SQL: SHOW COLUMNS FROM `xxgc_account` [ RunTime:0.0037s ]
SQL: SHOW COLUMNS FROM `xxgc_process` [ RunTime:0.0033s ]
SQL: SELECT * FROM `xxgc_task` WHERE `t_id` = 97 LIMIT 1   [ RunTime:0.0004s ]
SQL: SELECT * FROM `xxgc_process` WHERE `t_id` = 97  [ RunTime:0.0005s ]
SQL: SELECT * FROM `xxgc_account` WHERE `a_id` = 15 LIMIT 1   [ RunTime:0.0003s ]
SQL: SELECT * FROM `xxgc_account` WHERE `a_id` = 17 LIMIT 1   [ RunTime:0.0004s ]
SQL: SELECT * FROM `xxgc_account` WHERE `a_id` = 18 LIMIT 1   [ RunTime:0.0003s ]

[ 2017-11-01T22:47:58+08:00 ] 127.0.0.1 /api.php
INFO: [ app_begin ] --START--
INFO: Run Behavior\ReadHtmlCacheBehavior [ RunTime:0.000888s ]
INFO: Run Behavior\CheckLangBehavior [ RunTime:0.001881s ]
INFO: Run Common\Behavior\UrldecodeGetBehavior [ RunTime:0.000626s ]
INFO: [ app_begin ] --END-- [ RunTime:0.004245s ]
NOTIC: [8] Undefined index: HTTP_RAW_POST_DATA E:\xampp\htdocs\xinxigongcheng\trunk\application\Api\Controller\IndexController.class.php 第 112 行.
SQL: SHOW COLUMNS FROM `xxgc_task` [ RunTime:0.0080s ]
SQL: SHOW COLUMNS FROM `xxgc_account` [ RunTime:0.0045s ]
SQL: SHOW COLUMNS FROM `xxgc_process` [ RunTime:0.0040s ]

[ 2017-11-01T22:47:59+08:00 ] 127.0.0.1 /api.php
INFO: [ app_begin ] --START--
INFO: Run Behavior\ReadHtmlCacheBehavior [ RunTime:0.001107s ]
INFO: Run Behavior\CheckLangBehavior [ RunTime:0.002412s ]
INFO: Run Common\Behavior\UrldecodeGetBehavior [ RunTime:0.000610s ]
INFO: [ app_begin ] --END-- [ RunTime:0.012233s ]
NOTIC: [8] Undefined index: HTTP_RAW_POST_DATA E:\xampp\htdocs\xinxigongcheng\trunk\application\Api\Controller\IndexController.class.php 第 112 行.
SQL: SHOW COLUMNS FROM `xxgc_task` [ RunTime:0.0043s ]
SQL: SHOW COLUMNS FROM `xxgc_account` [ RunTime:0.0035s ]
SQL: SHOW COLUMNS FROM `xxgc_process` [ RunTime:0.0048s ]
NOTIC: [8] Undefined index: time_area E:\xampp\htdocs\xinxigongcheng\trunk\application\Api\Event\TaskEvent.class.php 第 100 行.
NOTIC: [8] Undefined index: time_area E:\xampp\htdocs\xinxigongcheng\trunk\application\Api\Event\TaskEvent.class.php 第 101 行.
SQL: SELECT COUNT(*) AS tp_count FROM `xxgc_task` WHERE `t_status` = 1 LIMIT 1   [ RunTime:0.0004s ]
SQL: SELECT `t_id`,`t_title`,from_unixtime(t_create_time,"%Y-%m-%d") as create_time,`t_stage_id` FROM `xxgc_task` WHERE `t_status` = 1 ORDER BY t_create_time desc LIMIT 0,10   [ RunTime:0.0004s ]

[ 2017-11-01T22:47:59+08:00 ] 127.0.0.1 /api.php
INFO: [ app_begin ] --START--
INFO: Run Behavior\ReadHtmlCacheBehavior [ RunTime:0.000618s ]
INFO: Run Behavior\CheckLangBehavior [ RunTime:0.001027s ]
INFO: Run Common\Behavior\UrldecodeGetBehavior [ RunTime:0.000369s ]
INFO: [ app_begin ] --END-- [ RunTime:0.002696s ]
NOTIC: [8] Undefined index: HTTP_RAW_POST_DATA E:\xampp\htdocs\xinxigongcheng\trunk\application\Api\Controller\IndexController.class.php 第 112 行.
SQL: SHOW COLUMNS FROM `xxgc_task` [ RunTime:0.0048s ]
SQL: SHOW COLUMNS FROM `xxgc_account` [ RunTime:0.0035s ]
SQL: SHOW COLUMNS FROM `xxgc_process` [ RunTime:0.0040s ]
SQL: SELECT * FROM `xxgc_task` WHERE `t_id` = 97 LIMIT 1   [ RunTime:0.0005s ]
SQL: SELECT * FROM `xxgc_process` WHERE `t_id` = 97  [ RunTime:0.0005s ]
SQL: SELECT * FROM `xxgc_account` WHERE `a_id` = 15 LIMIT 1   [ RunTime:0.0004s ]
SQL: SELECT * FROM `xxgc_account` WHERE `a_id` = 17 LIMIT 1   [ RunTime:0.0004s ]
SQL: SELECT * FROM `xxgc_account` WHERE `a_id` = 18 LIMIT 1   [ RunTime:0.0004s ]

[ 2017-11-01T22:48:15+08:00 ] 127.0.0.1 /api.php
INFO: [ app_begin ] --START--
INFO: Run Behavior\ReadHtmlCacheBehavior [ RunTime:0.000748s ]
INFO: Run Behavior\CheckLangBehavior [ RunTime:0.001147s ]
INFO: Run Common\Behavior\UrldecodeGetBehavior [ RunTime:0.000429s ]
INFO: [ app_begin ] --END-- [ RunTime:0.003023s ]
NOTIC: [8] Undefined index: HTTP_RAW_POST_DATA E:\xampp\htdocs\xinxigongcheng\trunk\application\Api\Controller\IndexController.class.php 第 112 行.
SQL: SHOW COLUMNS FROM `xxgc_task` [ RunTime:0.0057s ]
SQL: SHOW COLUMNS FROM `xxgc_account` [ RunTime:0.0032s ]
SQL: SHOW COLUMNS FROM `xxgc_process` [ RunTime:0.0036s ]
SQL: SELECT * FROM `xxgc_task` WHERE `t_id` = 97 LIMIT 1   [ RunTime:0.0005s ]
SQL: SELECT * FROM `xxgc_process` WHERE `t_id` = 97  [ RunTime:0.0005s ]
SQL: SELECT * FROM `xxgc_account` WHERE `a_id` = 15 LIMIT 1   [ RunTime:0.0004s ]
SQL: SELECT * FROM `xxgc_account` WHERE `a_id` = 17 LIMIT 1   [ RunTime:0.0004s ]
SQL: SELECT * FROM `xxgc_account` WHERE `a_id` = 18 LIMIT 1   [ RunTime:0.0004s ]

[ 2017-11-01T22:59:37+08:00 ] 127.0.0.1 /api.php
INFO: [ app_begin ] --START--
INFO: Run Behavior\ReadHtmlCacheBehavior [ RunTime:0.000719s ]
INFO: Run Behavior\CheckLangBehavior [ RunTime:0.001178s ]
INFO: Run Common\Behavior\UrldecodeGetBehavior [ RunTime:0.000434s ]
INFO: [ app_begin ] --END-- [ RunTime:0.003218s ]
NOTIC: [8] Undefined index: HTTP_RAW_POST_DATA E:\xampp\htdocs\xinxigongcheng\trunk\application\Api\Controller\IndexController.class.php 第 112 行.
SQL: SHOW COLUMNS FROM `xxgc_task` [ RunTime:0.0067s ]
SQL: SHOW COLUMNS FROM `xxgc_account` [ RunTime:0.0056s ]
SQL: SHOW COLUMNS FROM `xxgc_process` [ RunTime:0.0047s ]

[ 2017-11-01T22:59:37+08:00 ] 127.0.0.1 /api.php
INFO: [ app_begin ] --START--
INFO: Run Behavior\ReadHtmlCacheBehavior [ RunTime:0.000934s ]
INFO: Run Behavior\CheckLangBehavior [ RunTime:0.001457s ]
INFO: Run Common\Behavior\UrldecodeGetBehavior [ RunTime:0.000670s ]
INFO: [ app_begin ] --END-- [ RunTime:0.003987s ]
NOTIC: [8] Undefined index: HTTP_RAW_POST_DATA E:\xampp\htdocs\xinxigongcheng\trunk\application\Api\Controller\IndexController.class.php 第 112 行.
SQL: SHOW COLUMNS FROM `xxgc_task` [ RunTime:0.0051s ]
SQL: SHOW COLUMNS FROM `xxgc_account` [ RunTime:0.0039s ]
SQL: SHOW COLUMNS FROM `xxgc_process` [ RunTime:0.0050s ]
NOTIC: [8] Undefined index: time_area E:\xampp\htdocs\xinxigongcheng\trunk\application\Api\Event\TaskEvent.class.php 第 100 行.
NOTIC: [8] Undefined index: time_area E:\xampp\htdocs\xinxigongcheng\trunk\application\Api\Event\TaskEvent.class.php 第 101 行.
SQL: SELECT COUNT(*) AS tp_count FROM `xxgc_task` WHERE `t_status` = 1 LIMIT 1   [ RunTime:0.0004s ]
SQL: SELECT `t_id`,`t_title`,from_unixtime(t_create_time,"%Y-%m-%d") as create_time,`t_stage_id` FROM `xxgc_task` WHERE `t_status` = 1 ORDER BY t_create_time desc LIMIT 0,10   [ RunTime:0.0005s ]

