[ 2017-10-30T22:36:57+08:00 ] 127.0.0.1 /api.php
INFO: [ app_begin ] --START--
INFO: Run Behavior\ReadHtmlCacheBehavior [ RunTime:0.001350s ]
INFO: Run Behavior\CheckLangBehavior [ RunTime:0.001406s ]
INFO: Run Common\Behavior\UrldecodeGetBehavior [ RunTime:0.000752s ]
INFO: [ app_begin ] --END-- [ RunTime:0.005010s ]
NOTIC: [8] Undefined index: HTTP_RAW_POST_DATA E:\xampp\htdocs\xinxigongcheng\trunk\application\Api\Controller\IndexController.class.php 第 112 行.
SQL: SHOW COLUMNS FROM `xxgc_task` [ RunTime:0.0118s ]
SQL: SHOW COLUMNS FROM `xxgc_process` [ RunTime:0.0055s ]
SQL: SHOW COLUMNS FROM `xxgc_account` [ RunTime:0.0052s ]

[ 2017-10-30T22:36:57+08:00 ] 127.0.0.1 /api.php
INFO: [ app_begin ] --START--
INFO: Run Behavior\ReadHtmlCacheBehavior [ RunTime:0.001012s ]
INFO: Run Behavior\CheckLangBehavior [ RunTime:0.001819s ]
INFO: Run Common\Behavior\UrldecodeGetBehavior [ RunTime:0.000669s ]
INFO: [ app_begin ] --END-- [ RunTime:0.005595s ]
NOTIC: [8] Undefined index: HTTP_RAW_POST_DATA E:\xampp\htdocs\xinxigongcheng\trunk\application\Api\Controller\IndexController.class.php 第 112 行.
SQL: SHOW COLUMNS FROM `xxgc_task` [ RunTime:0.0032s ]
SQL: SHOW COLUMNS FROM `xxgc_process` [ RunTime:0.0037s ]
SQL: SHOW COLUMNS FROM `xxgc_account` [ RunTime:0.0041s ]
NOTIC: [8] Undefined index: time_area E:\xampp\htdocs\xinxigongcheng\trunk\application\Api\Event\TaskEvent.class.php 第 100 行.
NOTIC: [8] Undefined index: time_area E:\xampp\htdocs\xinxigongcheng\trunk\application\Api\Event\TaskEvent.class.php 第 101 行.
SQL: SELECT COUNT(*) AS tp_count FROM `xxgc_task` WHERE `t_status` = 1 LIMIT 1   [ RunTime:0.0029s ]
SQL: SELECT `t_id`,`t_title`,from_unixtime(t_create_time,"%Y-%m-%d") as create_time,`t_stage_id` FROM `xxgc_task` WHERE `t_status` = 1 ORDER BY t_create_time desc LIMIT 0,10   [ RunTime:0.0011s ]

[ 2017-10-30T22:37:00+08:00 ] 127.0.0.1 /api.php
INFO: [ app_begin ] --START--
INFO: Run Behavior\ReadHtmlCacheBehavior [ RunTime:0.000799s ]
INFO: Run Behavior\CheckLangBehavior [ RunTime:0.001280s ]
INFO: Run Common\Behavior\UrldecodeGetBehavior [ RunTime:0.000532s ]
INFO: [ app_begin ] --END-- [ RunTime:0.003421s ]
NOTIC: [8] Undefined index: HTTP_RAW_POST_DATA E:\xampp\htdocs\xinxigongcheng\trunk\application\Api\Controller\IndexController.class.php 第 112 行.
SQL: SHOW COLUMNS FROM `xxgc_task` [ RunTime:0.0043s ]
SQL: SHOW COLUMNS FROM `xxgc_process` [ RunTime:0.0034s ]
SQL: SHOW COLUMNS FROM `xxgc_account` [ RunTime:0.0029s ]
NOTIC: [8] Undefined index: time_area E:\xampp\htdocs\xinxigongcheng\trunk\application\Api\Event\TaskEvent.class.php 第 100 行.
NOTIC: [8] Undefined index: time_area E:\xampp\htdocs\xinxigongcheng\trunk\application\Api\Event\TaskEvent.class.php 第 101 行.
SQL: SELECT COUNT(*) AS tp_count FROM `xxgc_task` WHERE `t_status` = 1 LIMIT 1   [ RunTime:0.0004s ]
SQL: SELECT `t_id`,`t_title`,from_unixtime(t_create_time,"%Y-%m-%d") as create_time,`t_stage_id` FROM `xxgc_task` WHERE `t_status` = 1 ORDER BY t_create_time desc LIMIT 10,10   [ RunTime:0.0003s ]

[ 2017-10-30T22:37:06+08:00 ] 127.0.0.1 /api.php
INFO: [ app_begin ] --START--
INFO: Run Behavior\ReadHtmlCacheBehavior [ RunTime:0.002367s ]
INFO: Run Behavior\CheckLangBehavior [ RunTime:0.005323s ]
INFO: Run Common\Behavior\UrldecodeGetBehavior [ RunTime:0.003119s ]
INFO: [ app_begin ] --END-- [ RunTime:0.012948s ]
NOTIC: [8] Undefined index: HTTP_RAW_POST_DATA E:\xampp\htdocs\xinxigongcheng\trunk\application\Api\Controller\IndexController.class.php 第 112 行.
SQL: SHOW COLUMNS FROM `xxgc_task` [ RunTime:0.0052s ]
SQL: SHOW COLUMNS FROM `xxgc_process` [ RunTime:0.0039s ]
SQL: SHOW COLUMNS FROM `xxgc_account` [ RunTime:0.0029s ]

[ 2017-10-30T22:37:06+08:00 ] 127.0.0.1 /api.php
INFO: [ app_begin ] --START--
INFO: Run Behavior\ReadHtmlCacheBehavior [ RunTime:0.001260s ]
INFO: Run Behavior\CheckLangBehavior [ RunTime:0.005765s ]
INFO: Run Common\Behavior\UrldecodeGetBehavior [ RunTime:0.002842s ]
INFO: [ app_begin ] --END-- [ RunTime:0.011411s ]
NOTIC: [8] Undefined index: HTTP_RAW_POST_DATA E:\xampp\htdocs\xinxigongcheng\trunk\application\Api\Controller\IndexController.class.php 第 112 行.
SQL: SHOW COLUMNS FROM `xxgc_task` [ RunTime:0.0028s ]
SQL: SHOW COLUMNS FROM `xxgc_process` [ RunTime:0.0037s ]
SQL: SHOW COLUMNS FROM `xxgc_account` [ RunTime:0.0030s ]
NOTIC: [8] Undefined index: time_area E:\xampp\htdocs\xinxigongcheng\trunk\application\Api\Event\TaskEvent.class.php 第 100 行.
NOTIC: [8] Undefined index: time_area E:\xampp\htdocs\xinxigongcheng\trunk\application\Api\Event\TaskEvent.class.php 第 101 行.
SQL: SELECT COUNT(*) AS tp_count FROM `xxgc_task` WHERE `t_status` = 1 LIMIT 1   [ RunTime:0.0003s ]
SQL: SELECT `t_id`,`t_title`,from_unixtime(t_create_time,"%Y-%m-%d") as create_time,`t_stage_id` FROM `xxgc_task` WHERE `t_status` = 1 ORDER BY t_create_time desc LIMIT 0,10   [ RunTime:0.0002s ]

[ 2017-10-30T22:37:16+08:00 ] 127.0.0.1 /api.php
INFO: [ app_begin ] --START--
INFO: Run Behavior\ReadHtmlCacheBehavior [ RunTime:0.000578s ]
INFO: Run Behavior\CheckLangBehavior [ RunTime:0.000862s ]
INFO: Run Common\Behavior\UrldecodeGetBehavior [ RunTime:0.000500s ]
INFO: [ app_begin ] --END-- [ RunTime:0.002532s ]
NOTIC: [8] Undefined index: HTTP_RAW_POST_DATA E:\xampp\htdocs\xinxigongcheng\trunk\application\Api\Controller\IndexController.class.php 第 112 行.
SQL: SHOW COLUMNS FROM `xxgc_task` [ RunTime:0.0044s ]
SQL: SHOW COLUMNS FROM `xxgc_process` [ RunTime:0.0031s ]
SQL: SHOW COLUMNS FROM `xxgc_account` [ RunTime:0.0040s ]
NOTIC: [8] Undefined index: time_area E:\xampp\htdocs\xinxigongcheng\trunk\application\Api\Event\TaskEvent.class.php 第 100 行.
NOTIC: [8] Undefined index: time_area E:\xampp\htdocs\xinxigongcheng\trunk\application\Api\Event\TaskEvent.class.php 第 101 行.
SQL: SELECT COUNT(*) AS tp_count FROM `xxgc_task` WHERE `t_status` = 1 LIMIT 1   [ RunTime:0.0004s ]
SQL: SELECT `t_id`,`t_title`,from_unixtime(t_create_time,"%Y-%m-%d") as create_time,`t_stage_id` FROM `xxgc_task` WHERE `t_status` = 1 ORDER BY t_create_time desc LIMIT 10,10   [ RunTime:0.0003s ]

[ 2017-10-30T22:37:16+08:00 ] 127.0.0.1 /api.php
INFO: [ app_begin ] --START--
INFO: Run Behavior\ReadHtmlCacheBehavior [ RunTime:0.002913s ]
INFO: Run Behavior\CheckLangBehavior [ RunTime:0.001896s ]
INFO: Run Common\Behavior\UrldecodeGetBehavior [ RunTime:0.000864s ]
INFO: [ app_begin ] --END-- [ RunTime:0.006717s ]
NOTIC: [8] Undefined index: HTTP_RAW_POST_DATA E:\xampp\htdocs\xinxigongcheng\trunk\application\Api\Controller\IndexController.class.php 第 112 行.
SQL: SHOW COLUMNS FROM `xxgc_task` [ RunTime:0.0061s ]
SQL: SHOW COLUMNS FROM `xxgc_process` [ RunTime:0.0039s ]
SQL: SHOW COLUMNS FROM `xxgc_account` [ RunTime:0.0038s ]

[ 2017-10-30T22:37:17+08:00 ] 127.0.0.1 /api.php
INFO: [ app_begin ] --START--
INFO: Run Behavior\ReadHtmlCacheBehavior [ RunTime:0.000771s ]
INFO: Run Behavior\CheckLangBehavior [ RunTime:0.001773s ]
INFO: Run Common\Behavior\UrldecodeGetBehavior [ RunTime:0.000514s ]
INFO: [ app_begin ] --END-- [ RunTime:0.003899s ]
NOTIC: [8] Undefined index: HTTP_RAW_POST_DATA E:\xampp\htdocs\xinxigongcheng\trunk\application\Api\Controller\IndexController.class.php 第 112 行.

[ 2017-10-30T22:37:17+08:00 ] 127.0.0.1 /api.php
INFO: [ app_begin ] --START--
INFO: Run Behavior\ReadHtmlCacheBehavior [ RunTime:0.000518s ]
INFO: Run Behavior\CheckLangBehavior [ RunTime:0.000837s ]
INFO: Run Common\Behavior\UrldecodeGetBehavior [ RunTime:0.000543s ]
INFO: [ app_begin ] --END-- [ RunTime:0.002519s ]
NOTIC: [8] Undefined index: HTTP_RAW_POST_DATA E:\xampp\htdocs\xinxigongcheng\trunk\application\Api\Controller\IndexController.class.php 第 112 行.
SQL: SHOW COLUMNS FROM `xxgc_account` [ RunTime:0.0029s ]
SQL: SELECT `a_id`,`a_name` FROM `xxgc_account`  [ RunTime:0.0004s ]

[ 2017-10-30T22:37:17+08:00 ] 127.0.0.1 /api.php
INFO: [ app_begin ] --START--
INFO: Run Behavior\ReadHtmlCacheBehavior [ RunTime:0.000822s ]
INFO: Run Behavior\CheckLangBehavior [ RunTime:0.006516s ]
INFO: Run Common\Behavior\UrldecodeGetBehavior [ RunTime:0.000639s ]
INFO: [ app_begin ] --END-- [ RunTime:0.008788s ]
NOTIC: [8] Undefined index: HTTP_RAW_POST_DATA E:\xampp\htdocs\xinxigongcheng\trunk\application\Api\Controller\IndexController.class.php 第 112 行.
SQL: SHOW COLUMNS FROM `xxgc_task` [ RunTime:0.0051s ]
SQL: SHOW COLUMNS FROM `xxgc_process` [ RunTime:0.0037s ]
SQL: SHOW COLUMNS FROM `xxgc_account` [ RunTime:0.0034s ]
NOTIC: [8] Undefined index: time_area E:\xampp\htdocs\xinxigongcheng\trunk\application\Api\Event\TaskEvent.class.php 第 100 行.
NOTIC: [8] Undefined index: time_area E:\xampp\htdocs\xinxigongcheng\trunk\application\Api\Event\TaskEvent.class.php 第 101 行.
SQL: SELECT COUNT(*) AS tp_count FROM `xxgc_task` WHERE `t_status` = 1 LIMIT 1   [ RunTime:0.0003s ]
SQL: SELECT `t_id`,`t_title`,from_unixtime(t_create_time,"%Y-%m-%d") as create_time,`t_stage_id` FROM `xxgc_task` WHERE `t_status` = 1 ORDER BY t_create_time desc LIMIT 0,10   [ RunTime:0.0003s ]

[ 2017-10-30T22:37:17+08:00 ] 127.0.0.1 /api.php
INFO: [ app_begin ] --START--
INFO: Run Behavior\ReadHtmlCacheBehavior [ RunTime:0.001408s ]
INFO: Run Behavior\CheckLangBehavior [ RunTime:0.003316s ]
INFO: Run Common\Behavior\UrldecodeGetBehavior [ RunTime:0.001333s ]
INFO: [ app_begin ] --END-- [ RunTime:0.010246s ]
NOTIC: [8] Undefined index: HTTP_RAW_POST_DATA E:\xampp\htdocs\xinxigongcheng\trunk\application\Api\Controller\IndexController.class.php 第 112 行.
SQL: SHOW COLUMNS FROM `xxgc_task` [ RunTime:0.0040s ]
SQL: SHOW COLUMNS FROM `xxgc_process` [ RunTime:0.0037s ]
SQL: SHOW COLUMNS FROM `xxgc_account` [ RunTime:0.0033s ]

[ 2017-10-30T22:38:22+08:00 ] 127.0.0.1 /api.php
INFO: [ app_begin ] --START--
INFO: Run Behavior\ReadHtmlCacheBehavior [ RunTime:0.001381s ]
INFO: Run Behavior\CheckLangBehavior [ RunTime:0.002008s ]
INFO: Run Common\Behavior\UrldecodeGetBehavior [ RunTime:0.000681s ]
INFO: [ app_begin ] --END-- [ RunTime:0.004894s ]
NOTIC: [8] Undefined index: HTTP_RAW_POST_DATA E:\xampp\htdocs\xinxigongcheng\trunk\application\Api\Controller\IndexController.class.php 第 112 行.
SQL: SHOW COLUMNS FROM `xxgc_task` [ RunTime:0.0062s ]
SQL: SHOW COLUMNS FROM `xxgc_process` [ RunTime:0.0102s ]
SQL: SHOW COLUMNS FROM `xxgc_account` [ RunTime:0.0039s ]

[ 2017-10-30T22:38:22+08:00 ] 127.0.0.1 /api.php
INFO: [ app_begin ] --START--
INFO: Run Behavior\ReadHtmlCacheBehavior [ RunTime:0.000776s ]
INFO: Run Behavior\CheckLangBehavior [ RunTime:0.001232s ]
INFO: Run Common\Behavior\UrldecodeGetBehavior [ RunTime:0.000492s ]
INFO: [ app_begin ] --END-- [ RunTime:0.003333s ]
NOTIC: [8] Undefined index: HTTP_RAW_POST_DATA E:\xampp\htdocs\xinxigongcheng\trunk\application\Api\Controller\IndexController.class.php 第 112 行.
SQL: SHOW COLUMNS FROM `xxgc_task` [ RunTime:0.0044s ]
SQL: SHOW COLUMNS FROM `xxgc_process` [ RunTime:0.0046s ]
SQL: SHOW COLUMNS FROM `xxgc_account` [ RunTime:0.0041s ]
NOTIC: [8] Undefined index: time_area E:\xampp\htdocs\xinxigongcheng\trunk\application\Api\Event\TaskEvent.class.php 第 100 行.
NOTIC: [8] Undefined index: time_area E:\xampp\htdocs\xinxigongcheng\trunk\application\Api\Event\TaskEvent.class.php 第 101 行.
SQL: SELECT COUNT(*) AS tp_count FROM `xxgc_task` WHERE `t_status` = 1 LIMIT 1   [ RunTime:0.0003s ]
SQL: SELECT `t_id`,`t_title`,from_unixtime(t_create_time,"%Y-%m-%d") as create_time,`t_stage_id` FROM `xxgc_task` WHERE `t_status` = 1 ORDER BY t_create_time desc LIMIT 0,10   [ RunTime:0.0003s ]

[ 2017-10-30T22:38:27+08:00 ] 127.0.0.1 /api.php
INFO: [ app_begin ] --START--
INFO: Run Behavior\ReadHtmlCacheBehavior [ RunTime:0.000978s ]
INFO: Run Behavior\CheckLangBehavior [ RunTime:0.003063s ]
INFO: Run Common\Behavior\UrldecodeGetBehavior [ RunTime:0.001106s ]
INFO: [ app_begin ] --END-- [ RunTime:0.005982s ]
NOTIC: [8] Undefined index: HTTP_RAW_POST_DATA E:\xampp\htdocs\xinxigongcheng\trunk\application\Api\Controller\IndexController.class.php 第 112 行.
SQL: SHOW COLUMNS FROM `xxgc_task` [ RunTime:0.0057s ]
SQL: SHOW COLUMNS FROM `xxgc_process` [ RunTime:0.0044s ]
SQL: SHOW COLUMNS FROM `xxgc_account` [ RunTime:0.0039s ]

[ 2017-10-30T22:38:27+08:00 ] 127.0.0.1 /api.php
INFO: [ app_begin ] --START--
INFO: Run Behavior\ReadHtmlCacheBehavior [ RunTime:0.000700s ]
INFO: Run Behavior\CheckLangBehavior [ RunTime:0.001370s ]
INFO: Run Common\Behavior\UrldecodeGetBehavior [ RunTime:0.000526s ]
INFO: [ app_begin ] --END-- [ RunTime:0.003448s ]
NOTIC: [8] Undefined index: HTTP_RAW_POST_DATA E:\xampp\htdocs\xinxigongcheng\trunk\application\Api\Controller\IndexController.class.php 第 112 行.
SQL: SHOW COLUMNS FROM `xxgc_task` [ RunTime:0.0031s ]
SQL: SHOW COLUMNS FROM `xxgc_process` [ RunTime:0.0030s ]
SQL: SHOW COLUMNS FROM `xxgc_account` [ RunTime:0.0039s ]
NOTIC: [8] Undefined index: time_area E:\xampp\htdocs\xinxigongcheng\trunk\application\Api\Event\TaskEvent.class.php 第 100 行.
NOTIC: [8] Undefined index: time_area E:\xampp\htdocs\xinxigongcheng\trunk\application\Api\Event\TaskEvent.class.php 第 101 行.
SQL: SELECT COUNT(*) AS tp_count FROM `xxgc_task` WHERE `t_status` = 1 LIMIT 1   [ RunTime:0.0004s ]
SQL: SELECT `t_id`,`t_title`,from_unixtime(t_create_time,"%Y-%m-%d") as create_time,`t_stage_id` FROM `xxgc_task` WHERE `t_status` = 1 ORDER BY t_create_time desc LIMIT 0,10   [ RunTime:0.0003s ]

[ 2017-10-30T22:39:06+08:00 ] 127.0.0.1 /api.php
INFO: [ app_begin ] --START--
INFO: Run Behavior\ReadHtmlCacheBehavior [ RunTime:0.000745s ]
INFO: Run Behavior\CheckLangBehavior [ RunTime:0.001290s ]
INFO: Run Common\Behavior\UrldecodeGetBehavior [ RunTime:0.003275s ]
INFO: [ app_begin ] --END-- [ RunTime:0.006132s ]
NOTIC: [8] Undefined index: HTTP_RAW_POST_DATA E:\xampp\htdocs\xinxigongcheng\trunk\application\Api\Controller\IndexController.class.php 第 112 行.
SQL: SHOW COLUMNS FROM `xxgc_task` [ RunTime:0.0051s ]
SQL: SHOW COLUMNS FROM `xxgc_process` [ RunTime:0.0044s ]
SQL: SHOW COLUMNS FROM `xxgc_account` [ RunTime:0.0054s ]
NOTIC: [8] Undefined index: time_area E:\xampp\htdocs\xinxigongcheng\trunk\application\Api\Event\TaskEvent.class.php 第 100 行.
NOTIC: [8] Undefined index: time_area E:\xampp\htdocs\xinxigongcheng\trunk\application\Api\Event\TaskEvent.class.php 第 101 行.
SQL: SELECT COUNT(*) AS tp_count FROM `xxgc_task` WHERE `t_status` = 1 LIMIT 1   [ RunTime:0.0004s ]
SQL: SELECT `t_id`,`t_title`,from_unixtime(t_create_time,"%Y-%m-%d") as create_time,`t_stage_id` FROM `xxgc_task` WHERE `t_status` = 1 ORDER BY t_create_time desc LIMIT 0,10   [ RunTime:0.0004s ]

[ 2017-10-30T22:39:06+08:00 ] 127.0.0.1 /api.php
INFO: [ app_begin ] --START--
INFO: Run Behavior\ReadHtmlCacheBehavior [ RunTime:0.002186s ]
INFO: Run Behavior\CheckLangBehavior [ RunTime:0.001908s ]
INFO: Run Common\Behavior\UrldecodeGetBehavior [ RunTime:0.000847s ]
INFO: [ app_begin ] --END-- [ RunTime:0.007109s ]
NOTIC: [8] Undefined index: HTTP_RAW_POST_DATA E:\xampp\htdocs\xinxigongcheng\trunk\application\Api\Controller\IndexController.class.php 第 112 行.
SQL: SHOW COLUMNS FROM `xxgc_task` [ RunTime:0.0028s ]
SQL: SHOW COLUMNS FROM `xxgc_process` [ RunTime:0.0027s ]
SQL: SHOW COLUMNS FROM `xxgc_account` [ RunTime:0.0035s ]

[ 2017-10-30T22:39:42+08:00 ] 127.0.0.1 /api.php
INFO: [ app_begin ] --START--
INFO: Run Behavior\ReadHtmlCacheBehavior [ RunTime:0.001058s ]
INFO: Run Behavior\CheckLangBehavior [ RunTime:0.001742s ]
INFO: Run Common\Behavior\UrldecodeGetBehavior [ RunTime:0.000715s ]
INFO: [ app_begin ] --END-- [ RunTime:0.004483s ]
NOTIC: [8] Undefined index: HTTP_RAW_POST_DATA E:\xampp\htdocs\xinxigongcheng\trunk\application\Api\Controller\IndexController.class.php 第 112 行.
SQL: SHOW COLUMNS FROM `xxgc_task` [ RunTime:0.0053s ]
SQL: SHOW COLUMNS FROM `xxgc_process` [ RunTime:0.0042s ]
SQL: SHOW COLUMNS FROM `xxgc_account` [ RunTime:0.0035s ]

[ 2017-10-30T22:39:42+08:00 ] 127.0.0.1 /api.php
INFO: [ app_begin ] --START--
INFO: Run Behavior\ReadHtmlCacheBehavior [ RunTime:0.001133s ]
INFO: Run Behavior\CheckLangBehavior [ RunTime:0.001434s ]
INFO: Run Common\Behavior\UrldecodeGetBehavior [ RunTime:0.000738s ]
INFO: [ app_begin ] --END-- [ RunTime:0.004997s ]
NOTIC: [8] Undefined index: HTTP_RAW_POST_DATA E:\xampp\htdocs\xinxigongcheng\trunk\application\Api\Controller\IndexController.class.php 第 112 行.
SQL: SHOW COLUMNS FROM `xxgc_task` [ RunTime:0.0031s ]
SQL: SHOW COLUMNS FROM `xxgc_process` [ RunTime:0.0036s ]
SQL: SHOW COLUMNS FROM `xxgc_account` [ RunTime:0.0038s ]
NOTIC: [8] Undefined index: time_area E:\xampp\htdocs\xinxigongcheng\trunk\application\Api\Event\TaskEvent.class.php 第 100 行.
NOTIC: [8] Undefined index: time_area E:\xampp\htdocs\xinxigongcheng\trunk\application\Api\Event\TaskEvent.class.php 第 101 行.
SQL: SELECT COUNT(*) AS tp_count FROM `xxgc_task` WHERE `t_status` = 1 LIMIT 1   [ RunTime:0.0003s ]
SQL: SELECT `t_id`,`t_title`,from_unixtime(t_create_time,"%Y-%m-%d") as create_time,`t_stage_id` FROM `xxgc_task` WHERE `t_status` = 1 ORDER BY t_create_time desc LIMIT 0,10   [ RunTime:0.0003s ]

[ 2017-10-30T22:39:56+08:00 ] 127.0.0.1 /api.php
INFO: [ app_begin ] --START--
INFO: Run Behavior\ReadHtmlCacheBehavior [ RunTime:0.001088s ]
INFO: Run Behavior\CheckLangBehavior [ RunTime:0.003506s ]
INFO: Run Common\Behavior\UrldecodeGetBehavior [ RunTime:0.000715s ]
INFO: [ app_begin ] --END-- [ RunTime:0.006192s ]
NOTIC: [8] Undefined index: HTTP_RAW_POST_DATA E:\xampp\htdocs\xinxigongcheng\trunk\application\Api\Controller\IndexController.class.php 第 112 行.
SQL: SHOW COLUMNS FROM `xxgc_task` [ RunTime:0.0058s ]
SQL: SHOW COLUMNS FROM `xxgc_process` [ RunTime:0.0060s ]
SQL: SHOW COLUMNS FROM `xxgc_account` [ RunTime:0.0046s ]

[ 2017-10-30T22:39:56+08:00 ] 127.0.0.1 /api.php
INFO: [ app_begin ] --START--
INFO: Run Behavior\ReadHtmlCacheBehavior [ RunTime:0.000930s ]
INFO: Run Behavior\CheckLangBehavior [ RunTime:0.001466s ]
INFO: Run Common\Behavior\UrldecodeGetBehavior [ RunTime:0.000528s ]
INFO: [ app_begin ] --END-- [ RunTime:0.003771s ]
NOTIC: [8] Undefined index: HTTP_RAW_POST_DATA E:\xampp\htdocs\xinxigongcheng\trunk\application\Api\Controller\IndexController.class.php 第 112 行.
SQL: SHOW COLUMNS FROM `xxgc_task` [ RunTime:0.0029s ]
SQL: SHOW COLUMNS FROM `xxgc_process` [ RunTime:0.0043s ]
SQL: SHOW COLUMNS FROM `xxgc_account` [ RunTime:0.0029s ]
NOTIC: [8] Undefined index: time_area E:\xampp\htdocs\xinxigongcheng\trunk\application\Api\Event\TaskEvent.class.php 第 100 行.
NOTIC: [8] Undefined index: time_area E:\xampp\htdocs\xinxigongcheng\trunk\application\Api\Event\TaskEvent.class.php 第 101 行.
SQL: SELECT COUNT(*) AS tp_count FROM `xxgc_task` WHERE `t_status` = 1 LIMIT 1   [ RunTime:0.0003s ]
SQL: SELECT `t_id`,`t_title`,from_unixtime(t_create_time,"%Y-%m-%d") as create_time,`t_stage_id` FROM `xxgc_task` WHERE `t_status` = 1 ORDER BY t_create_time desc LIMIT 0,10   [ RunTime:0.0002s ]

[ 2017-10-30T22:41:19+08:00 ] 127.0.0.1 /api.php
INFO: [ app_begin ] --START--
INFO: Run Behavior\ReadHtmlCacheBehavior [ RunTime:0.000753s ]
INFO: Run Behavior\CheckLangBehavior [ RunTime:0.001158s ]
INFO: Run Common\Behavior\UrldecodeGetBehavior [ RunTime:0.000494s ]
INFO: [ app_begin ] --END-- [ RunTime:0.003052s ]
NOTIC: [8] Undefined index: HTTP_RAW_POST_DATA E:\xampp\htdocs\xinxigongcheng\trunk\application\Api\Controller\IndexController.class.php 第 112 行.
SQL: SHOW COLUMNS FROM `xxgc_task` [ RunTime:0.0062s ]
SQL: SHOW COLUMNS FROM `xxgc_process` [ RunTime:0.0033s ]
SQL: SHOW COLUMNS FROM `xxgc_account` [ RunTime:0.0025s ]
NOTIC: [8] Undefined index: time_area E:\xampp\htdocs\xinxigongcheng\trunk\application\Api\Event\TaskEvent.class.php 第 100 行.
NOTIC: [8] Undefined index: time_area E:\xampp\htdocs\xinxigongcheng\trunk\application\Api\Event\TaskEvent.class.php 第 101 行.
SQL: SELECT COUNT(*) AS tp_count FROM `xxgc_task` WHERE `t_status` = 1 LIMIT 1   [ RunTime:0.0004s ]
SQL: SELECT `t_id`,`t_title`,from_unixtime(t_create_time,"%Y-%m-%d") as create_time,`t_stage_id` FROM `xxgc_task` WHERE `t_status` = 1 ORDER BY t_create_time desc LIMIT 10,10   [ RunTime:0.0004s ]

[ 2017-10-30T22:41:27+08:00 ] 127.0.0.1 /api.php
INFO: [ app_begin ] --START--
INFO: Run Behavior\ReadHtmlCacheBehavior [ RunTime:0.000885s ]
INFO: Run Behavior\CheckLangBehavior [ RunTime:0.002277s ]
INFO: Run Common\Behavior\UrldecodeGetBehavior [ RunTime:0.000726s ]
INFO: [ app_begin ] --END-- [ RunTime:0.006537s ]
NOTIC: [8] Undefined index: HTTP_RAW_POST_DATA E:\xampp\htdocs\xinxigongcheng\trunk\application\Api\Controller\IndexController.class.php 第 112 行.
SQL: SHOW COLUMNS FROM `xxgc_task` [ RunTime:0.0068s ]
SQL: SHOW COLUMNS FROM `xxgc_process` [ RunTime:0.0042s ]
SQL: SHOW COLUMNS FROM `xxgc_account` [ RunTime:0.0048s ]

[ 2017-10-30T22:41:27+08:00 ] 127.0.0.1 /api.php
INFO: [ app_begin ] --START--
INFO: Run Behavior\ReadHtmlCacheBehavior [ RunTime:0.000792s ]
INFO: Run Behavior\CheckLangBehavior [ RunTime:0.014087s ]
INFO: Run Common\Behavior\UrldecodeGetBehavior [ RunTime:0.001535s ]
INFO: [ app_begin ] --END-- [ RunTime:0.017528s ]
NOTIC: [8] Undefined index: HTTP_RAW_POST_DATA E:\xampp\htdocs\xinxigongcheng\trunk\application\Api\Controller\IndexController.class.php 第 112 行.
SQL: SHOW COLUMNS FROM `xxgc_task` [ RunTime:0.0042s ]
SQL: SHOW COLUMNS FROM `xxgc_process` [ RunTime:0.0044s ]
SQL: SHOW COLUMNS FROM `xxgc_account` [ RunTime:0.0039s ]
NOTIC: [8] Undefined index: time_area E:\xampp\htdocs\xinxigongcheng\trunk\application\Api\Event\TaskEvent.class.php 第 100 行.
NOTIC: [8] Undefined index: time_area E:\xampp\htdocs\xinxigongcheng\trunk\application\Api\Event\TaskEvent.class.php 第 101 行.
SQL: SELECT COUNT(*) AS tp_count FROM `xxgc_task` WHERE `t_status` = 1 LIMIT 1   [ RunTime:0.0004s ]
SQL: SELECT `t_id`,`t_title`,from_unixtime(t_create_time,"%Y-%m-%d") as create_time,`t_stage_id` FROM `xxgc_task` WHERE `t_status` = 1 ORDER BY t_create_time desc LIMIT 0,10   [ RunTime:0.0005s ]

[ 2017-10-30T22:41:28+08:00 ] 127.0.0.1 /api.php
INFO: [ app_begin ] --START--
INFO: Run Behavior\ReadHtmlCacheBehavior [ RunTime:0.000883s ]
INFO: Run Behavior\CheckLangBehavior [ RunTime:0.001731s ]
INFO: Run Common\Behavior\UrldecodeGetBehavior [ RunTime:0.000757s ]
INFO: [ app_begin ] --END-- [ RunTime:0.004223s ]
NOTIC: [8] Undefined index: HTTP_RAW_POST_DATA E:\xampp\htdocs\xinxigongcheng\trunk\application\Api\Controller\IndexController.class.php 第 112 行.
SQL: SHOW COLUMNS FROM `xxgc_task` [ RunTime:0.0063s ]
SQL: SHOW COLUMNS FROM `xxgc_process` [ RunTime:0.0035s ]
SQL: SHOW COLUMNS FROM `xxgc_account` [ RunTime:0.0037s ]
NOTIC: [8] Undefined index: time_area E:\xampp\htdocs\xinxigongcheng\trunk\application\Api\Event\TaskEvent.class.php 第 100 行.
NOTIC: [8] Undefined index: time_area E:\xampp\htdocs\xinxigongcheng\trunk\application\Api\Event\TaskEvent.class.php 第 101 行.
SQL: SELECT COUNT(*) AS tp_count FROM `xxgc_task` WHERE `t_status` = 1 LIMIT 1   [ RunTime:0.0005s ]
SQL: SELECT `t_id`,`t_title`,from_unixtime(t_create_time,"%Y-%m-%d") as create_time,`t_stage_id` FROM `xxgc_task` WHERE `t_status` = 1 ORDER BY t_create_time desc LIMIT 10,10   [ RunTime:0.0006s ]

[ 2017-10-30T22:41:32+08:00 ] 127.0.0.1 /api.php
INFO: [ app_begin ] --START--
INFO: Run Behavior\ReadHtmlCacheBehavior [ RunTime:0.000828s ]
INFO: Run Behavior\CheckLangBehavior [ RunTime:0.006519s ]
INFO: Run Common\Behavior\UrldecodeGetBehavior [ RunTime:0.005991s ]
INFO: [ app_begin ] --END-- [ RunTime:0.014169s ]
NOTIC: [8] Undefined index: HTTP_RAW_POST_DATA E:\xampp\htdocs\xinxigongcheng\trunk\application\Api\Controller\IndexController.class.php 第 112 行.
SQL: SHOW COLUMNS FROM `xxgc_task` [ RunTime:0.0075s ]
SQL: SHOW COLUMNS FROM `xxgc_process` [ RunTime:0.0045s ]
SQL: SHOW COLUMNS FROM `xxgc_account` [ RunTime:0.0044s ]
NOTIC: [8] Undefined index: time_area E:\xampp\htdocs\xinxigongcheng\trunk\application\Api\Event\TaskEvent.class.php 第 100 行.
NOTIC: [8] Undefined index: time_area E:\xampp\htdocs\xinxigongcheng\trunk\application\Api\Event\TaskEvent.class.php 第 101 行.
SQL: SELECT COUNT(*) AS tp_count FROM `xxgc_task` WHERE `t_status` = 1 LIMIT 1   [ RunTime:0.0009s ]
SQL: SELECT `t_id`,`t_title`,from_unixtime(t_create_time,"%Y-%m-%d") as create_time,`t_stage_id` FROM `xxgc_task` WHERE `t_status` = 1 ORDER BY t_create_time desc LIMIT 0,10   [ RunTime:0.0009s ]

[ 2017-10-30T22:41:33+08:00 ] 127.0.0.1 /api.php
INFO: [ app_begin ] --START--
INFO: Run Behavior\ReadHtmlCacheBehavior [ RunTime:0.002081s ]
INFO: Run Behavior\CheckLangBehavior [ RunTime:0.001457s ]
INFO: Run Common\Behavior\UrldecodeGetBehavior [ RunTime:0.000621s ]
INFO: [ app_begin ] --END-- [ RunTime:0.005750s ]
NOTIC: [8] Undefined index: HTTP_RAW_POST_DATA E:\xampp\htdocs\xinxigongcheng\trunk\application\Api\Controller\IndexController.class.php 第 112 行.
SQL: SHOW COLUMNS FROM `xxgc_task` [ RunTime:0.0043s ]
SQL: SHOW COLUMNS FROM `xxgc_process` [ RunTime:0.0038s ]
SQL: SHOW COLUMNS FROM `xxgc_account` [ RunTime:0.0034s ]

[ 2017-10-30T22:41:45+08:00 ] 127.0.0.1 /api.php
INFO: [ app_begin ] --START--
INFO: Run Behavior\ReadHtmlCacheBehavior [ RunTime:0.000502s ]
INFO: Run Behavior\CheckLangBehavior [ RunTime:0.002142s ]
INFO: Run Common\Behavior\UrldecodeGetBehavior [ RunTime:0.001075s ]
INFO: [ app_begin ] --END-- [ RunTime:0.004345s ]
NOTIC: [8] Undefined index: HTTP_RAW_POST_DATA E:\xampp\htdocs\xinxigongcheng\trunk\application\Api\Controller\IndexController.class.php 第 112 行.
SQL: SHOW COLUMNS FROM `xxgc_task` [ RunTime:0.0056s ]
SQL: SHOW COLUMNS FROM `xxgc_process` [ RunTime:0.0035s ]
SQL: SHOW COLUMNS FROM `xxgc_account` [ RunTime:0.0033s ]
NOTIC: [8] Undefined index: time_area E:\xampp\htdocs\xinxigongcheng\trunk\application\Api\Event\TaskEvent.class.php 第 100 行.
NOTIC: [8] Undefined index: time_area E:\xampp\htdocs\xinxigongcheng\trunk\application\Api\Event\TaskEvent.class.php 第 101 行.
SQL: SELECT COUNT(*) AS tp_count FROM `xxgc_task` WHERE `t_status` = 1 LIMIT 1   [ RunTime:0.0003s ]
SQL: SELECT `t_id`,`t_title`,from_unixtime(t_create_time,"%Y-%m-%d") as create_time,`t_stage_id` FROM `xxgc_task` WHERE `t_status` = 1 ORDER BY t_create_time desc LIMIT 10,10   [ RunTime:0.0003s ]

[ 2017-10-30T22:41:45+08:00 ] 127.0.0.1 /api.php
INFO: [ app_begin ] --START--
INFO: Run Behavior\ReadHtmlCacheBehavior [ RunTime:0.001633s ]
INFO: Run Behavior\CheckLangBehavior [ RunTime:0.001521s ]
INFO: Run Common\Behavior\UrldecodeGetBehavior [ RunTime:0.000712s ]
INFO: [ app_begin ] --END-- [ RunTime:0.004909s ]
NOTIC: [8] Undefined index: HTTP_RAW_POST_DATA E:\xampp\htdocs\xinxigongcheng\trunk\application\Api\Controller\IndexController.class.php 第 112 行.
SQL: SHOW COLUMNS FROM `xxgc_task` [ RunTime:0.0057s ]
SQL: SHOW COLUMNS FROM `xxgc_process` [ RunTime:0.0039s ]
SQL: SHOW COLUMNS FROM `xxgc_account` [ RunTime:0.0032s ]

[ 2017-10-30T22:41:46+08:00 ] 127.0.0.1 /api.php
INFO: [ app_begin ] --START--
INFO: Run Behavior\ReadHtmlCacheBehavior [ RunTime:0.000681s ]
INFO: Run Behavior\CheckLangBehavior [ RunTime:0.005167s ]
INFO: Run Common\Behavior\UrldecodeGetBehavior [ RunTime:0.001609s ]
INFO: [ app_begin ] --END-- [ RunTime:0.008348s ]
NOTIC: [8] Undefined index: HTTP_RAW_POST_DATA E:\xampp\htdocs\xinxigongcheng\trunk\application\Api\Controller\IndexController.class.php 第 112 行.

[ 2017-10-30T22:41:46+08:00 ] 127.0.0.1 /api.php
INFO: [ app_begin ] --START--
INFO: Run Behavior\ReadHtmlCacheBehavior [ RunTime:0.000818s ]
INFO: Run Behavior\CheckLangBehavior [ RunTime:0.001804s ]
INFO: Run Common\Behavior\UrldecodeGetBehavior [ RunTime:0.000567s ]
INFO: [ app_begin ] --END-- [ RunTime:0.004006s ]
NOTIC: [8] Undefined index: HTTP_RAW_POST_DATA E:\xampp\htdocs\xinxigongcheng\trunk\application\Api\Controller\IndexController.class.php 第 112 行.
SQL: SHOW COLUMNS FROM `xxgc_account` [ RunTime:0.0063s ]
SQL: SELECT `a_id`,`a_name` FROM `xxgc_account`  [ RunTime:0.0004s ]

[ 2017-10-30T22:41:47+08:00 ] 127.0.0.1 /api.php
INFO: [ app_begin ] --START--
INFO: Run Behavior\ReadHtmlCacheBehavior [ RunTime:0.000836s ]
INFO: Run Behavior\CheckLangBehavior [ RunTime:0.007818s ]
INFO: Run Common\Behavior\UrldecodeGetBehavior [ RunTime:0.001398s ]
INFO: [ app_begin ] --END-- [ RunTime:0.010894s ]
NOTIC: [8] Undefined index: HTTP_RAW_POST_DATA E:\xampp\htdocs\xinxigongcheng\trunk\application\Api\Controller\IndexController.class.php 第 112 行.
SQL: SHOW COLUMNS FROM `xxgc_task` [ RunTime:0.0067s ]
SQL: SHOW COLUMNS FROM `xxgc_process` [ RunTime:0.0048s ]
SQL: SHOW COLUMNS FROM `xxgc_account` [ RunTime:0.0033s ]
NOTIC: [8] Undefined index: time_area E:\xampp\htdocs\xinxigongcheng\trunk\application\Api\Event\TaskEvent.class.php 第 100 行.
NOTIC: [8] Undefined index: time_area E:\xampp\htdocs\xinxigongcheng\trunk\application\Api\Event\TaskEvent.class.php 第 101 行.
SQL: SELECT COUNT(*) AS tp_count FROM `xxgc_task` WHERE `t_status` = 1 LIMIT 1   [ RunTime:0.0003s ]
SQL: SELECT `t_id`,`t_title`,from_unixtime(t_create_time,"%Y-%m-%d") as create_time,`t_stage_id` FROM `xxgc_task` WHERE `t_status` = 1 ORDER BY t_create_time desc LIMIT 0,10   [ RunTime:0.0003s ]

[ 2017-10-30T22:41:47+08:00 ] 127.0.0.1 /api.php
INFO: [ app_begin ] --START--
INFO: Run Behavior\ReadHtmlCacheBehavior [ RunTime:0.004850s ]
INFO: Run Behavior\CheckLangBehavior [ RunTime:0.004344s ]
INFO: Run Common\Behavior\UrldecodeGetBehavior [ RunTime:0.000752s ]
INFO: [ app_begin ] --END-- [ RunTime:0.016289s ]
NOTIC: [8] Undefined index: HTTP_RAW_POST_DATA E:\xampp\htdocs\xinxigongcheng\trunk\application\Api\Controller\IndexController.class.php 第 112 行.
SQL: SHOW COLUMNS FROM `xxgc_task` [ RunTime:0.0048s ]
SQL: SHOW COLUMNS FROM `xxgc_process` [ RunTime:0.0037s ]
SQL: SHOW COLUMNS FROM `xxgc_account` [ RunTime:0.0036s ]

[ 2017-10-30T22:42:09+08:00 ] 127.0.0.1 /api.php
INFO: [ app_begin ] --START--
INFO: Run Behavior\ReadHtmlCacheBehavior [ RunTime:0.000918s ]
INFO: Run Behavior\CheckLangBehavior [ RunTime:0.001773s ]
INFO: Run Common\Behavior\UrldecodeGetBehavior [ RunTime:0.000424s ]
INFO: [ app_begin ] --END-- [ RunTime:0.003939s ]
NOTIC: [8] Undefined index: HTTP_RAW_POST_DATA E:\xampp\htdocs\xinxigongcheng\trunk\application\Api\Controller\IndexController.class.php 第 112 行.
SQL: SHOW COLUMNS FROM `xxgc_task` [ RunTime:0.0063s ]
SQL: SHOW COLUMNS FROM `xxgc_process` [ RunTime:0.0032s ]
SQL: SHOW COLUMNS FROM `xxgc_account` [ RunTime:0.0035s ]
NOTIC: [8] Undefined index: time_area E:\xampp\htdocs\xinxigongcheng\trunk\application\Api\Event\TaskEvent.class.php 第 100 行.
NOTIC: [8] Undefined index: time_area E:\xampp\htdocs\xinxigongcheng\trunk\application\Api\Event\TaskEvent.class.php 第 101 行.
SQL: SELECT COUNT(*) AS tp_count FROM `xxgc_task` WHERE `t_status` = 1 LIMIT 1   [ RunTime:0.0004s ]
SQL: SELECT `t_id`,`t_title`,from_unixtime(t_create_time,"%Y-%m-%d") as create_time,`t_stage_id` FROM `xxgc_task` WHERE `t_status` = 1 ORDER BY t_create_time desc LIMIT 10,10   [ RunTime:0.0004s ]

[ 2017-10-30T22:42:12+08:00 ] 127.0.0.1 /api.php
INFO: [ app_begin ] --START--
INFO: Run Behavior\ReadHtmlCacheBehavior [ RunTime:0.003409s ]
INFO: Run Behavior\CheckLangBehavior [ RunTime:0.003116s ]
INFO: Run Common\Behavior\UrldecodeGetBehavior [ RunTime:0.000770s ]
INFO: [ app_begin ] --END-- [ RunTime:0.010294s ]
NOTIC: [8] Undefined index: HTTP_RAW_POST_DATA E:\xampp\htdocs\xinxigongcheng\trunk\application\Api\Controller\IndexController.class.php 第 112 行.
SQL: SHOW COLUMNS FROM `xxgc_task` [ RunTime:0.0070s ]
SQL: SHOW COLUMNS FROM `xxgc_process` [ RunTime:0.0042s ]
SQL: SHOW COLUMNS FROM `xxgc_account` [ RunTime:0.0044s ]

[ 2017-10-30T22:42:12+08:00 ] 127.0.0.1 /api.php
INFO: [ app_begin ] --START--
INFO: Run Behavior\ReadHtmlCacheBehavior [ RunTime:0.001147s ]
INFO: Run Behavior\CheckLangBehavior [ RunTime:0.003019s ]
INFO: Run Common\Behavior\UrldecodeGetBehavior [ RunTime:0.001150s ]
INFO: [ app_begin ] --END-- [ RunTime:0.006587s ]
NOTIC: [8] Undefined index: HTTP_RAW_POST_DATA E:\xampp\htdocs\xinxigongcheng\trunk\application\Api\Controller\IndexController.class.php 第 112 行.
SQL: SHOW COLUMNS FROM `xxgc_task` [ RunTime:0.0036s ]
SQL: SHOW COLUMNS FROM `xxgc_process` [ RunTime:0.0046s ]
SQL: SHOW COLUMNS FROM `xxgc_account` [ RunTime:0.0038s ]
NOTIC: [8] Undefined index: time_area E:\xampp\htdocs\xinxigongcheng\trunk\application\Api\Event\TaskEvent.class.php 第 100 行.
NOTIC: [8] Undefined index: time_area E:\xampp\htdocs\xinxigongcheng\trunk\application\Api\Event\TaskEvent.class.php 第 101 行.
SQL: SELECT COUNT(*) AS tp_count FROM `xxgc_task` WHERE `t_status` = 1 LIMIT 1   [ RunTime:0.0004s ]
SQL: SELECT `t_id`,`t_title`,from_unixtime(t_create_time,"%Y-%m-%d") as create_time,`t_stage_id` FROM `xxgc_task` WHERE `t_status` = 1 ORDER BY t_create_time desc LIMIT 0,10   [ RunTime:0.0004s ]

[ 2017-10-30T22:43:08+08:00 ] 127.0.0.1 /api.php
INFO: [ app_begin ] --START--
INFO: Run Behavior\ReadHtmlCacheBehavior [ RunTime:0.000503s ]
INFO: Run Behavior\CheckLangBehavior [ RunTime:0.000884s ]
INFO: Run Common\Behavior\UrldecodeGetBehavior [ RunTime:0.000349s ]
INFO: [ app_begin ] --END-- [ RunTime:0.002283s ]
NOTIC: [8] Undefined index: HTTP_RAW_POST_DATA E:\xampp\htdocs\xinxigongcheng\trunk\application\Api\Controller\IndexController.class.php 第 112 行.
SQL: SHOW COLUMNS FROM `xxgc_task` [ RunTime:0.0058s ]
SQL: SHOW COLUMNS FROM `xxgc_process` [ RunTime:0.0034s ]
SQL: SHOW COLUMNS FROM `xxgc_account` [ RunTime:0.0033s ]
NOTIC: [8] Undefined index: time_area E:\xampp\htdocs\xinxigongcheng\trunk\application\Api\Event\TaskEvent.class.php 第 100 行.
NOTIC: [8] Undefined index: time_area E:\xampp\htdocs\xinxigongcheng\trunk\application\Api\Event\TaskEvent.class.php 第 101 行.
SQL: SELECT COUNT(*) AS tp_count FROM `xxgc_task` WHERE `t_status` = 1 LIMIT 1   [ RunTime:0.0004s ]
SQL: SELECT `t_id`,`t_title`,from_unixtime(t_create_time,"%Y-%m-%d") as create_time,`t_stage_id` FROM `xxgc_task` WHERE `t_status` = 1 ORDER BY t_create_time desc LIMIT 10,10   [ RunTime:0.0004s ]

[ 2017-10-30T22:43:08+08:00 ] 127.0.0.1 /api.php
INFO: [ app_begin ] --START--
INFO: Run Behavior\ReadHtmlCacheBehavior [ RunTime:0.000539s ]
INFO: Run Behavior\CheckLangBehavior [ RunTime:0.000887s ]
INFO: Run Common\Behavior\UrldecodeGetBehavior [ RunTime:0.000362s ]
INFO: [ app_begin ] --END-- [ RunTime:0.002379s ]
NOTIC: [8] Undefined index: HTTP_RAW_POST_DATA E:\xampp\htdocs\xinxigongcheng\trunk\application\Api\Controller\IndexController.class.php 第 112 行.
SQL: SHOW COLUMNS FROM `xxgc_task` [ RunTime:0.0036s ]
SQL: SHOW COLUMNS FROM `xxgc_process` [ RunTime:0.0029s ]
SQL: SHOW COLUMNS FROM `xxgc_account` [ RunTime:0.0031s ]
SQL: SELECT * FROM `xxgc_task` WHERE `t_id` = 97 LIMIT 1   [ RunTime:0.0004s ]
SQL: SELECT * FROM `xxgc_process` WHERE `t_id` = 97  [ RunTime:0.0012s ]
SQL: SELECT * FROM `xxgc_account` WHERE `a_id` = 15 LIMIT 1   [ RunTime:0.0004s ]
SQL: SELECT * FROM `xxgc_account` WHERE `a_id` = 17 LIMIT 1   [ RunTime:0.0004s ]
SQL: SELECT * FROM `xxgc_account` WHERE `a_id` = 18 LIMIT 1   [ RunTime:0.0003s ]

[ 2017-10-30T22:43:11+08:00 ] 127.0.0.1 /api.php
INFO: [ app_begin ] --START--
INFO: Run Behavior\ReadHtmlCacheBehavior [ RunTime:0.000722s ]
INFO: Run Behavior\CheckLangBehavior [ RunTime:0.001222s ]
INFO: Run Common\Behavior\UrldecodeGetBehavior [ RunTime:0.000471s ]
INFO: [ app_begin ] --END-- [ RunTime:0.003171s ]
NOTIC: [8] Undefined index: HTTP_RAW_POST_DATA E:\xampp\htdocs\xinxigongcheng\trunk\application\Api\Controller\IndexController.class.php 第 112 行.
SQL: SHOW COLUMNS FROM `xxgc_task` [ RunTime:0.0043s ]
SQL: SHOW COLUMNS FROM `xxgc_process` [ RunTime:0.0038s ]
SQL: SHOW COLUMNS FROM `xxgc_account` [ RunTime:0.0029s ]
SQL: SELECT * FROM `xxgc_task` WHERE `t_id` = 97 LIMIT 1   [ RunTime:0.0005s ]
SQL: SELECT * FROM `xxgc_process` WHERE `t_id` = 97  [ RunTime:0.0006s ]
SQL: SELECT * FROM `xxgc_account` WHERE `a_id` = 15 LIMIT 1   [ RunTime:0.0004s ]
SQL: SELECT * FROM `xxgc_account` WHERE `a_id` = 17 LIMIT 1   [ RunTime:0.0005s ]
SQL: SELECT * FROM `xxgc_account` WHERE `a_id` = 18 LIMIT 1   [ RunTime:0.0005s ]

[ 2017-10-30T22:43:13+08:00 ] 127.0.0.1 /api.php
INFO: [ app_begin ] --START--
INFO: Run Behavior\ReadHtmlCacheBehavior [ RunTime:0.000696s ]
INFO: Run Behavior\CheckLangBehavior [ RunTime:0.000932s ]
INFO: Run Common\Behavior\UrldecodeGetBehavior [ RunTime:0.000341s ]
INFO: [ app_begin ] --END-- [ RunTime:0.002775s ]
NOTIC: [8] Undefined index: HTTP_RAW_POST_DATA E:\xampp\htdocs\xinxigongcheng\trunk\application\Api\Controller\IndexController.class.php 第 112 行.
SQL: SHOW COLUMNS FROM `xxgc_task` [ RunTime:0.0043s ]
SQL: SHOW COLUMNS FROM `xxgc_process` [ RunTime:0.0039s ]
SQL: SHOW COLUMNS FROM `xxgc_account` [ RunTime:0.0027s ]
SQL: SELECT * FROM `xxgc_task` WHERE `t_id` = 97 LIMIT 1   [ RunTime:0.0004s ]
SQL: SELECT * FROM `xxgc_process` WHERE `t_id` = 97  [ RunTime:0.0005s ]
SQL: SELECT * FROM `xxgc_account` WHERE `a_id` = 15 LIMIT 1   [ RunTime:0.0004s ]
SQL: SELECT * FROM `xxgc_account` WHERE `a_id` = 17 LIMIT 1   [ RunTime:0.0004s ]
SQL: SELECT * FROM `xxgc_account` WHERE `a_id` = 18 LIMIT 1   [ RunTime:0.0005s ]

