
[2017-11-07 13:43:10]
##line=114##data:{"header":{"timestamp":"171107014310","nonce":"28441","signature":"346c5571eb7f19192688d211b61f42dc2e0a0c48"},"cmd":{"name":"task_global_params"},"data":""}##errMsg:前端传入数据
[2017-11-07 13:43:10]
##line=65##data:{"errcode":1,"errmsg":"succ","data":{"task_type":{"1":"\u4eba\u8eab\u4f24\u5bb3","2":"\u6c11\u4e8b\u7ea0\u7eb7","3":"\u4fb5\u5bb3\u6743\u76ca","4":"\u9884\u9632\u6559\u80b2","5":"\u5fc3\u7406\u5e72\u9884","6":"\u8bc9\u6c42\u670d\u52a1","7":"\u5176\u5b83\u4e8b\u4ef6"},"stage":{"1":"\u8bc9\u6c42\u767b\u8bb0","2":"\u5feb\u901f\u5bf9\u63a5","3":"\u521d\u671f\u5e72\u9884\u8ba1\u5212","4":"\u5b9e\u5730\u52d8\u5bdf","5":"\u53cd\u9988\u8fdb\u5c55","6":"\u8ddf\u8fdb\u7ed3\u6848","7":"\u53cd\u9988\u8bc4\u4f30"},"account_type":{"1":"\u5e02\u7ea7\u8d26\u6237","2":"\u533a\u53bf\u8d26\u6237","3":"\u76f8\u5173\u8d26\u6237"}}}##errMsg:成功返回数据日志
[2017-11-07 13:43:10]
##line=114##data:{"header":{"timestamp":"171107014310","nonce":"95498","signature":"fe1077005354ebc835db05443a87d18cfb736aa5"},"cmd":{"name":"a_task_list"},"data":{"type":4,"page":1,"page_size":10}}##errMsg:前端传入数据
[2017-11-07 13:43:10]
##line=65##data:{"errcode":1,"errmsg":"succ","data":{"count":"1","list":[{"t_id":"97","t_title":"\u6d4b\u8bd5\u4efb\u52a1","create_time":"2017-10-29","t_stage_id":"1","stage_name":"\u8bc9\u6c42\u767b\u8bb0"}]}}##errMsg:成功返回数据日志
[2017-11-07 13:43:11]
##line=114##data:{"header":{"timestamp":"171107014311","nonce":"40501","signature":"f816169b3c38f6669764e932c75ea300e9733146"},"cmd":{"name":"get_wechat_signature"},"data":{"nonce_str":"123456","timestamp":1510033391000,"url":"http:\/\/local.xxgc.com\/index.php?s=\/newtask\/index"}}##errMsg:前端传入数据
[2017-11-07 13:43:13]
##line=65##data:{"errcode":1,"errmsg":"succ","data":{"signature":"e5f1da54c7a6a63e8887f348ff3163be3b0401cf"}}##errMsg:成功返回数据日志
[2017-11-07 13:43:13]
##line=114##data:{"header":{"timestamp":"171107014311","nonce":"58620","signature":"8236e0fbceb5dadb743977366624593df62a8f69"},"cmd":{"name":"task_global_params"},"data":""}##errMsg:前端传入数据
[2017-11-07 13:43:13]
##line=65##data:{"errcode":1,"errmsg":"succ","data":{"task_type":{"1":"\u4eba\u8eab\u4f24\u5bb3","2":"\u6c11\u4e8b\u7ea0\u7eb7","3":"\u4fb5\u5bb3\u6743\u76ca","4":"\u9884\u9632\u6559\u80b2","5":"\u5fc3\u7406\u5e72\u9884","6":"\u8bc9\u6c42\u670d\u52a1","7":"\u5176\u5b83\u4e8b\u4ef6"},"stage":{"1":"\u8bc9\u6c42\u767b\u8bb0","2":"\u5feb\u901f\u5bf9\u63a5","3":"\u521d\u671f\u5e72\u9884\u8ba1\u5212","4":"\u5b9e\u5730\u52d8\u5bdf","5":"\u53cd\u9988\u8fdb\u5c55","6":"\u8ddf\u8fdb\u7ed3\u6848","7":"\u53cd\u9988\u8bc4\u4f30"},"account_type":{"1":"\u5e02\u7ea7\u8d26\u6237","2":"\u533a\u53bf\u8d26\u6237","3":"\u76f8\u5173\u8d26\u6237"}}}##errMsg:成功返回数据日志
[2017-11-07 13:43:13]
##line=114##data:{"header":{"timestamp":"171107014313","nonce":"48615","signature":"5b74543e2ccfaa89197536b4747ccc8cb2efcd0b"},"cmd":{"name":"get_accounts"},"data":{"account_type":"1"}}##errMsg:前端传入数据
[2017-11-07 13:43:13]
##line=65##data:{"errcode":1,"errmsg":"succ","data":[{"a_id":"15","a_name":"\u674e\u60f3"},{"a_id":"16","a_name":"\u738b\u5c0f\u5706"},{"a_id":"17","a_name":"\u674e\u60f3\u5c0f\u53f7"}]}##errMsg:成功返回数据日志
[2017-11-07 13:43:23]
##line=114##data:{"header":{"timestamp":"171107014323","nonce":"83212","signature":"6c5eed99fc8d2342c48be54adcdc3b399d399b99"},"cmd":{"name":"task_global_params"},"data":""}##errMsg:前端传入数据
[2017-11-07 13:43:23]
##line=65##data:{"errcode":1,"errmsg":"succ","data":{"task_type":{"1":"\u4eba\u8eab\u4f24\u5bb3","2":"\u6c11\u4e8b\u7ea0\u7eb7","3":"\u4fb5\u5bb3\u6743\u76ca","4":"\u9884\u9632\u6559\u80b2","5":"\u5fc3\u7406\u5e72\u9884","6":"\u8bc9\u6c42\u670d\u52a1","7":"\u5176\u5b83\u4e8b\u4ef6"},"stage":{"1":"\u8bc9\u6c42\u767b\u8bb0","2":"\u5feb\u901f\u5bf9\u63a5","3":"\u521d\u671f\u5e72\u9884\u8ba1\u5212","4":"\u5b9e\u5730\u52d8\u5bdf","5":"\u53cd\u9988\u8fdb\u5c55","6":"\u8ddf\u8fdb\u7ed3\u6848","7":"\u53cd\u9988\u8bc4\u4f30"},"account_type":{"1":"\u5e02\u7ea7\u8d26\u6237","2":"\u533a\u53bf\u8d26\u6237","3":"\u76f8\u5173\u8d26\u6237"}}}##errMsg:成功返回数据日志
[2017-11-07 13:43:23]
##line=114##data:{"header":{"timestamp":"171107014323","nonce":"34624","signature":"f80b1b23f172caf02d4301451211af6ba68ca6f1"},"cmd":{"name":"a_task_list"},"data":{"type":4,"page":1,"page_size":10}}##errMsg:前端传入数据
[2017-11-07 13:43:23]
##line=65##data:{"errcode":1,"errmsg":"succ","data":{"count":"1","list":[{"t_id":"97","t_title":"\u6d4b\u8bd5\u4efb\u52a1","create_time":"2017-10-29","t_stage_id":"1","stage_name":"\u8bc9\u6c42\u767b\u8bb0"}]}}##errMsg:成功返回数据日志